#
# There is insufficient memory for the Java Runtime Environment to continue.
# Native memory allocation (malloc) failed to allocate 431376 bytes for Chunk::new
# Possible reasons:
#   The system is out of physical RAM or swap space
#   The process is running with CompressedOops enabled, and the Java Heap may be blocking the growth of the native heap
# Possible solutions:
#   Reduce memory load on the system
#   Increase physical memory or swap space
#   Check if swap backing store is full
#   Decrease Java heap size (-Xmx/-Xms)
#   Decrease number of Java threads
#   Decrease Java thread stack sizes (-Xss)
#   Set larger code cache with -XX:ReservedCodeCacheSize=
#   JVM is running with Unscaled Compressed Oops mode in which the Java heap is
#     placed in the first 4GB address space. The Java Heap base address is the
#     maximum limit for the native heap growth. Please use -XX:HeapBaseMinAddress
#     to set the Java Heap base and to place the Java Heap above 4GB virtual address.
# This output file may be truncated or incomplete.
#
#  Out of Memory Error (./open/src/hotspot/share/memory/arena.cpp:197), pid=3068, tid=11340
#
# JRE version: Java(TM) SE Runtime Environment 18.9 (11.0.8+10) (build 11.0.8+10-LTS)
# Java VM: Java HotSpot(TM) 64-Bit Server VM 18.9 (11.0.8+10-LTS, mixed mode, tiered, compressed oops, g1 gc, windows-amd64)
# No core dump will be written. Minidumps are not enabled by default on client versions of Windows
#

---------------  S U M M A R Y ------------

Command Line: -ea -Didea.test.cyclic.buffer.size=1048576 -javaagent:C:\Program Files\JetBrains\IntelliJ IDEA 2020.2.3\lib\idea_rt.jar=54298:C:\Program Files\JetBrains\IntelliJ IDEA 2020.2.3\bin -Dfile.encoding=UTF-8 com.intellij.rt.junit.JUnitStarter -ideVersion5 -junit4 UserServiceTest

Host: AMD A8-9600 RADEON R7, 10 COMPUTE CORES 4C+6G  , 4 cores, 7G,  Windows 10 , 64 bit Build 19041 (10.0.19041.292)
Time: Wed Dec 16 12:29:02 2020 RTZ 2 (зима) elapsed time: 4 seconds (0d 0h 0m 4s)

---------------  T H R E A D  ---------------

Current thread (0x000001847ff6a000):  JavaThread "C2 CompilerThread0" daemon [_thread_in_native, id=11340, stack(0x0000000137c00000,0x0000000137d00000)]


Current CompileTask:
C2:   4569 1238   !   4       java.net.URL::<init> (543 bytes)

Stack: [0x0000000137c00000,0x0000000137d00000]
Native frames: (J=compiled Java code, j=interpreted, Vv=VM code, C=native code)
V  [jvm.dll+0x601aea]
V  [jvm.dll+0x737fef]
V  [jvm.dll+0x739675]
V  [jvm.dll+0x739cf3]
V  [jvm.dll+0x242848]
V  [jvm.dll+0xb999c]
V  [jvm.dll+0xb9f2c]
V  [jvm.dll+0x2b2f34]
V  [jvm.dll+0x523966]
V  [jvm.dll+0x2044ad]
V  [jvm.dll+0x1fe3fa]
V  [jvm.dll+0x1fb37f]
V  [jvm.dll+0x17e0fc]
V  [jvm.dll+0x20aaa4]
V  [jvm.dll+0x208b7b]
V  [jvm.dll+0x6ff90c]
V  [jvm.dll+0x6f845c]
V  [jvm.dll+0x600d66]
C  [ucrtbase.dll+0x21542]
C  [KERNEL32.DLL+0x16fd4]
C  [ntdll.dll+0x4cec1]


---------------  P R O C E S S  ---------------

Threads class SMR info:
_java_thread_list=0x00000184435194c0, length=12, elements={
0x0000018463f9d800, 0x000001847ff2c800, 0x000001847ff2d800, 0x0000018442993000,
0x000001847ff67800, 0x000001847ff6a000, 0x000001847ff70800, 0x000001847ff7f800,
0x0000018442ad0800, 0x0000018442b81800, 0x0000018442b82800, 0x00000184430a9000
}

Java Threads: ( => current thread )
  0x0000018463f9d800 JavaThread "main" [_thread_in_native, id=11048, stack(0x0000000137100000,0x0000000137200000)]
  0x000001847ff2c800 JavaThread "Reference Handler" daemon [_thread_blocked, id=4328, stack(0x0000000137800000,0x0000000137900000)]
  0x000001847ff2d800 JavaThread "Finalizer" daemon [_thread_blocked, id=3856, stack(0x0000000137900000,0x0000000137a00000)]
  0x0000018442993000 JavaThread "Signal Dispatcher" daemon [_thread_blocked, id=10884, stack(0x0000000137a00000,0x0000000137b00000)]
  0x000001847ff67800 JavaThread "Attach Listener" daemon [_thread_blocked, id=3612, stack(0x0000000137b00000,0x0000000137c00000)]
=>0x000001847ff6a000 JavaThread "C2 CompilerThread0" daemon [_thread_in_native, id=11340, stack(0x0000000137c00000,0x0000000137d00000)]
  0x000001847ff70800 JavaThread "C1 CompilerThread0" daemon [_thread_blocked, id=7312, stack(0x0000000137d00000,0x0000000137e00000)]
  0x000001847ff7f800 JavaThread "Sweeper thread" daemon [_thread_blocked, id=1328, stack(0x0000000137e00000,0x0000000137f00000)]
  0x0000018442ad0800 JavaThread "Common-Cleaner" daemon [_thread_blocked, id=1072, stack(0x0000000137f00000,0x0000000138000000)]
  0x0000018442b81800 JavaThread "Monitor Ctrl-Break" daemon [_thread_in_native, id=7324, stack(0x0000000138000000,0x0000000138100000)]
  0x0000018442b82800 JavaThread "Service Thread" daemon [_thread_blocked, id=10868, stack(0x0000000138100000,0x0000000138200000)]
  0x00000184430a9000 JavaThread "mysql-cj-abandoned-connection-cleanup" daemon [_thread_blocked, id=4960, stack(0x0000000138300000,0x0000000138400000)]

Other Threads:
  0x000001847ff29000 VMThread "VM Thread" [stack: 0x0000000137700000,0x0000000137800000] [id=1172]
  0x0000018442c2f800 WatcherThread [stack: 0x0000000138200000,0x0000000138300000] [id=11128]
  0x0000018463fb3800 GCTaskThread "GC Thread#0" [stack: 0x0000000137200000,0x0000000137300000] [id=9860]
  0x00000184438e6000 GCTaskThread "GC Thread#1" [stack: 0x0000000138500000,0x0000000138600000] [id=9988]
  0x0000018463fe3000 ConcurrentGCThread "G1 Main Marker" [stack: 0x0000000137300000,0x0000000137400000] [id=8668]
  0x0000018463fe5000 ConcurrentGCThread "G1 Conc#0" [stack: 0x0000000137400000,0x0000000137500000] [id=5316]
  0x0000018464062000 ConcurrentGCThread "G1 Refine#0" [stack: 0x0000000137500000,0x0000000137600000] [id=2904]
  0x0000018464063000 ConcurrentGCThread "G1 Young RemSet Sampling" [stack: 0x0000000137600000,0x0000000137700000] [id=7260]

Threads with active compile tasks:
C2 CompilerThread0   4781 1238   !   4       java.net.URL::<init> (543 bytes)

VM state:not at safepoint (normal execution)

VM Mutex/Monitor currently owned by a thread: None

Heap address: 0x0000000089000000, size: 1904 MB, Compressed Oops mode: 32-bit
Narrow klass base: 0x0000018402000000, Narrow klass shift: 0
Compressed class space size: 1073741824 Address: 0x0000018402000000

Heap:
 garbage-first heap   total 122880K, used 8866K [0x0000000089000000, 0x0000000100000000)
  region size 1024K, 4 young (4096K), 3 survivors (3072K)
 Metaspace       used 18355K, capacity 18636K, committed 18816K, reserved 1071104K
  class space    used 2034K, capacity 2145K, committed 2176K, reserved 1048576K
Heap Regions: E=young(eden), S=young(survivor), O=old, HS=humongous(starts), HC=humongous(continues), CS=collection set, F=free, A=archive, TAMS=top-at-mark-start (previous, next)
|   0|0x0000000089000000, 0x0000000089100000, 0x0000000089100000|100%|HS|  |TAMS 0x0000000089100000, 0x0000000089000000| Complete 
|   1|0x0000000089100000, 0x0000000089200000, 0x0000000089200000|100%|HS|  |TAMS 0x0000000089200000, 0x0000000089100000| Complete 
|   2|0x0000000089200000, 0x0000000089300000, 0x0000000089300000|100%| O|  |TAMS 0x0000000089300000, 0x0000000089200000| Untracked 
|   3|0x0000000089300000, 0x0000000089400000, 0x0000000089400000|100%| O|  |TAMS 0x0000000089400000, 0x0000000089300000| Untracked 
|   4|0x0000000089400000, 0x0000000089500000, 0x0000000089500000|100%| O|  |TAMS 0x0000000089500000, 0x0000000089400000| Untracked 
|   5|0x0000000089500000, 0x0000000089600000, 0x0000000089600000|100%| O|  |TAMS 0x0000000089600000, 0x0000000089500000| Untracked 
|   6|0x0000000089600000, 0x000000008963d200, 0x0000000089700000| 23%| O|  |TAMS 0x000000008963d200, 0x0000000089600000| Untracked 
|   7|0x0000000089700000, 0x0000000089700000, 0x0000000089800000|  0%| F|  |TAMS 0x0000000089700000, 0x0000000089700000| Untracked 
|   8|0x0000000089800000, 0x0000000089800000, 0x0000000089900000|  0%| F|  |TAMS 0x0000000089800000, 0x0000000089800000| Untracked 
|   9|0x0000000089900000, 0x0000000089900000, 0x0000000089a00000|  0%| F|  |TAMS 0x0000000089900000, 0x0000000089900000| Untracked 
|  10|0x0000000089a00000, 0x0000000089a00000, 0x0000000089b00000|  0%| F|  |TAMS 0x0000000089a00000, 0x0000000089a00000| Untracked 
|  11|0x0000000089b00000, 0x0000000089b00000, 0x0000000089c00000|  0%| F|  |TAMS 0x0000000089b00000, 0x0000000089b00000| Untracked 
|  12|0x0000000089c00000, 0x0000000089c00000, 0x0000000089d00000|  0%| F|  |TAMS 0x0000000089c00000, 0x0000000089c00000| Untracked 
|  13|0x0000000089d00000, 0x0000000089d00000, 0x0000000089e00000|  0%| F|  |TAMS 0x0000000089d00000, 0x0000000089d00000| Untracked 
|  14|0x0000000089e00000, 0x0000000089e00000, 0x0000000089f00000|  0%| F|  |TAMS 0x0000000089e00000, 0x0000000089e00000| Untracked 
|  15|0x0000000089f00000, 0x0000000089f00000, 0x000000008a000000|  0%| F|  |TAMS 0x0000000089f00000, 0x0000000089f00000| Untracked 
|  16|0x000000008a000000, 0x000000008a000000, 0x000000008a100000|  0%| F|  |TAMS 0x000000008a000000, 0x000000008a000000| Untracked 
|  17|0x000000008a100000, 0x000000008a100000, 0x000000008a200000|  0%| F|  |TAMS 0x000000008a100000, 0x000000008a100000| Untracked 
|  18|0x000000008a200000, 0x000000008a200000, 0x000000008a300000|  0%| F|  |TAMS 0x000000008a200000, 0x000000008a200000| Untracked 
|  19|0x000000008a300000, 0x000000008a300000, 0x000000008a400000|  0%| F|  |TAMS 0x000000008a300000, 0x000000008a300000| Untracked 
|  20|0x000000008a400000, 0x000000008a400000, 0x000000008a500000|  0%| F|  |TAMS 0x000000008a400000, 0x000000008a400000| Untracked 
|  21|0x000000008a500000, 0x000000008a500000, 0x000000008a600000|  0%| F|  |TAMS 0x000000008a500000, 0x000000008a500000| Untracked 
|  22|0x000000008a600000, 0x000000008a600000, 0x000000008a700000|  0%| F|  |TAMS 0x000000008a600000, 0x000000008a600000| Untracked 
|  23|0x000000008a700000, 0x000000008a700000, 0x000000008a800000|  0%| F|  |TAMS 0x000000008a700000, 0x000000008a700000| Untracked 
|  24|0x000000008a800000, 0x000000008a800000, 0x000000008a900000|  0%| F|  |TAMS 0x000000008a800000, 0x000000008a800000| Untracked 
|  25|0x000000008a900000, 0x000000008a900000, 0x000000008aa00000|  0%| F|  |TAMS 0x000000008a900000, 0x000000008a900000| Untracked 
|  26|0x000000008aa00000, 0x000000008aa00000, 0x000000008ab00000|  0%| F|  |TAMS 0x000000008aa00000, 0x000000008aa00000| Untracked 
|  27|0x000000008ab00000, 0x000000008ab00000, 0x000000008ac00000|  0%| F|  |TAMS 0x000000008ab00000, 0x000000008ab00000| Untracked 
|  28|0x000000008ac00000, 0x000000008ac00000, 0x000000008ad00000|  0%| F|  |TAMS 0x000000008ac00000, 0x000000008ac00000| Untracked 
|  29|0x000000008ad00000, 0x000000008ad00000, 0x000000008ae00000|  0%| F|  |TAMS 0x000000008ad00000, 0x000000008ad00000| Untracked 
|  30|0x000000008ae00000, 0x000000008ae00000, 0x000000008af00000|  0%| F|  |TAMS 0x000000008ae00000, 0x000000008ae00000| Untracked 
|  31|0x000000008af00000, 0x000000008af00000, 0x000000008b000000|  0%| F|  |TAMS 0x000000008af00000, 0x000000008af00000| Untracked 
|  32|0x000000008b000000, 0x000000008b000000, 0x000000008b100000|  0%| F|  |TAMS 0x000000008b000000, 0x000000008b000000| Untracked 
|  33|0x000000008b100000, 0x000000008b100000, 0x000000008b200000|  0%| F|  |TAMS 0x000000008b100000, 0x000000008b100000| Untracked 
|  34|0x000000008b200000, 0x000000008b200000, 0x000000008b300000|  0%| F|  |TAMS 0x000000008b200000, 0x000000008b200000| Untracked 
|  35|0x000000008b300000, 0x000000008b300000, 0x000000008b400000|  0%| F|  |TAMS 0x000000008b300000, 0x000000008b300000| Untracked 
|  36|0x000000008b400000, 0x000000008b400000, 0x000000008b500000|  0%| F|  |TAMS 0x000000008b400000, 0x000000008b400000| Untracked 
|  37|0x000000008b500000, 0x000000008b500000, 0x000000008b600000|  0%| F|  |TAMS 0x000000008b500000, 0x000000008b500000| Untracked 
|  38|0x000000008b600000, 0x000000008b600000, 0x000000008b700000|  0%| F|  |TAMS 0x000000008b600000, 0x000000008b600000| Untracked 
|  39|0x000000008b700000, 0x000000008b700000, 0x000000008b800000|  0%| F|  |TAMS 0x000000008b700000, 0x000000008b700000| Untracked 
|  40|0x000000008b800000, 0x000000008b800000, 0x000000008b900000|  0%| F|  |TAMS 0x000000008b800000, 0x000000008b800000| Untracked 
|  41|0x000000008b900000, 0x000000008b900000, 0x000000008ba00000|  0%| F|  |TAMS 0x000000008b900000, 0x000000008b900000| Untracked 
|  42|0x000000008ba00000, 0x000000008ba00000, 0x000000008bb00000|  0%| F|  |TAMS 0x000000008ba00000, 0x000000008ba00000| Untracked 
|  43|0x000000008bb00000, 0x000000008bb00000, 0x000000008bc00000|  0%| F|  |TAMS 0x000000008bb00000, 0x000000008bb00000| Untracked 
|  44|0x000000008bc00000, 0x000000008bc00000, 0x000000008bd00000|  0%| F|  |TAMS 0x000000008bc00000, 0x000000008bc00000| Untracked 
|  45|0x000000008bd00000, 0x000000008bd00000, 0x000000008be00000|  0%| F|  |TAMS 0x000000008bd00000, 0x000000008bd00000| Untracked 
|  46|0x000000008be00000, 0x000000008be00000, 0x000000008bf00000|  0%| F|  |TAMS 0x000000008be00000, 0x000000008be00000| Untracked 
|  47|0x000000008bf00000, 0x000000008bf00000, 0x000000008c000000|  0%| F|  |TAMS 0x000000008bf00000, 0x000000008bf00000| Untracked 
|  48|0x000000008c000000, 0x000000008c000000, 0x000000008c100000|  0%| F|  |TAMS 0x000000008c000000, 0x000000008c000000| Untracked 
|  49|0x000000008c100000, 0x000000008c100000, 0x000000008c200000|  0%| F|  |TAMS 0x000000008c100000, 0x000000008c100000| Untracked 
|  50|0x000000008c200000, 0x000000008c200000, 0x000000008c300000|  0%| F|  |TAMS 0x000000008c200000, 0x000000008c200000| Untracked 
|  51|0x000000008c300000, 0x000000008c300000, 0x000000008c400000|  0%| F|  |TAMS 0x000000008c300000, 0x000000008c300000| Untracked 
|  52|0x000000008c400000, 0x000000008c400000, 0x000000008c500000|  0%| F|  |TAMS 0x000000008c400000, 0x000000008c400000| Untracked 
|  53|0x000000008c500000, 0x000000008c500000, 0x000000008c600000|  0%| F|  |TAMS 0x000000008c500000, 0x000000008c500000| Untracked 
|  54|0x000000008c600000, 0x000000008c600000, 0x000000008c700000|  0%| F|  |TAMS 0x000000008c600000, 0x000000008c600000| Untracked 
|  55|0x000000008c700000, 0x000000008c700000, 0x000000008c800000|  0%| F|  |TAMS 0x000000008c700000, 0x000000008c700000| Untracked 
|  56|0x000000008c800000, 0x000000008c800000, 0x000000008c900000|  0%| F|  |TAMS 0x000000008c800000, 0x000000008c800000| Untracked 
|  57|0x000000008c900000, 0x000000008c900000, 0x000000008ca00000|  0%| F|  |TAMS 0x000000008c900000, 0x000000008c900000| Untracked 
|  58|0x000000008ca00000, 0x000000008ca00000, 0x000000008cb00000|  0%| F|  |TAMS 0x000000008ca00000, 0x000000008ca00000| Untracked 
|  59|0x000000008cb00000, 0x000000008cb00000, 0x000000008cc00000|  0%| F|  |TAMS 0x000000008cb00000, 0x000000008cb00000| Untracked 
|  60|0x000000008cc00000, 0x000000008cc00000, 0x000000008cd00000|  0%| F|  |TAMS 0x000000008cc00000, 0x000000008cc00000| Untracked 
|  61|0x000000008cd00000, 0x000000008cd00000, 0x000000008ce00000|  0%| F|  |TAMS 0x000000008cd00000, 0x000000008cd00000| Untracked 
|  62|0x000000008ce00000, 0x000000008ce00000, 0x000000008cf00000|  0%| F|  |TAMS 0x000000008ce00000, 0x000000008ce00000| Untracked 
|  63|0x000000008cf00000, 0x000000008cf00000, 0x000000008d000000|  0%| F|  |TAMS 0x000000008cf00000, 0x000000008cf00000| Untracked 
|  64|0x000000008d000000, 0x000000008d000000, 0x000000008d100000|  0%| F|  |TAMS 0x000000008d000000, 0x000000008d000000| Untracked 
|  65|0x000000008d100000, 0x000000008d100000, 0x000000008d200000|  0%| F|  |TAMS 0x000000008d100000, 0x000000008d100000| Untracked 
|  66|0x000000008d200000, 0x000000008d200000, 0x000000008d300000|  0%| F|  |TAMS 0x000000008d200000, 0x000000008d200000| Untracked 
|  67|0x000000008d300000, 0x000000008d300000, 0x000000008d400000|  0%| F|  |TAMS 0x000000008d300000, 0x000000008d300000| Untracked 
|  68|0x000000008d400000, 0x000000008d400000, 0x000000008d500000|  0%| F|  |TAMS 0x000000008d400000, 0x000000008d400000| Untracked 
|  69|0x000000008d500000, 0x000000008d500000, 0x000000008d600000|  0%| F|  |TAMS 0x000000008d500000, 0x000000008d500000| Untracked 
|  70|0x000000008d600000, 0x000000008d600000, 0x000000008d700000|  0%| F|  |TAMS 0x000000008d600000, 0x000000008d600000| Untracked 
|  71|0x000000008d700000, 0x000000008d700000, 0x000000008d800000|  0%| F|  |TAMS 0x000000008d700000, 0x000000008d700000| Untracked 
|  72|0x000000008d800000, 0x000000008d800000, 0x000000008d900000|  0%| F|  |TAMS 0x000000008d800000, 0x000000008d800000| Untracked 
|  73|0x000000008d900000, 0x000000008d900000, 0x000000008da00000|  0%| F|  |TAMS 0x000000008d900000, 0x000000008d900000| Untracked 
|  74|0x000000008da00000, 0x000000008da00000, 0x000000008db00000|  0%| F|  |TAMS 0x000000008da00000, 0x000000008da00000| Untracked 
|  75|0x000000008db00000, 0x000000008db00000, 0x000000008dc00000|  0%| F|  |TAMS 0x000000008db00000, 0x000000008db00000| Untracked 
|  76|0x000000008dc00000, 0x000000008dc00000, 0x000000008dd00000|  0%| F|  |TAMS 0x000000008dc00000, 0x000000008dc00000| Untracked 
|  77|0x000000008dd00000, 0x000000008dd00000, 0x000000008de00000|  0%| F|  |TAMS 0x000000008dd00000, 0x000000008dd00000| Untracked 
|  78|0x000000008de00000, 0x000000008de00000, 0x000000008df00000|  0%| F|  |TAMS 0x000000008de00000, 0x000000008de00000| Untracked 
|  79|0x000000008df00000, 0x000000008df00000, 0x000000008e000000|  0%| F|  |TAMS 0x000000008df00000, 0x000000008df00000| Untracked 
|  80|0x000000008e000000, 0x000000008e000000, 0x000000008e100000|  0%| F|  |TAMS 0x000000008e000000, 0x000000008e000000| Untracked 
|  81|0x000000008e100000, 0x000000008e100000, 0x000000008e200000|  0%| F|  |TAMS 0x000000008e100000, 0x000000008e100000| Untracked 
|  82|0x000000008e200000, 0x000000008e200000, 0x000000008e300000|  0%| F|  |TAMS 0x000000008e200000, 0x000000008e200000| Untracked 
|  83|0x000000008e300000, 0x000000008e300000, 0x000000008e400000|  0%| F|  |TAMS 0x000000008e300000, 0x000000008e300000| Untracked 
|  84|0x000000008e400000, 0x000000008e400000, 0x000000008e500000|  0%| F|  |TAMS 0x000000008e400000, 0x000000008e400000| Untracked 
|  85|0x000000008e500000, 0x000000008e500000, 0x000000008e600000|  0%| F|  |TAMS 0x000000008e500000, 0x000000008e500000| Untracked 
|  86|0x000000008e600000, 0x000000008e600000, 0x000000008e700000|  0%| F|  |TAMS 0x000000008e600000, 0x000000008e600000| Untracked 
|  87|0x000000008e700000, 0x000000008e700000, 0x000000008e800000|  0%| F|  |TAMS 0x000000008e700000, 0x000000008e700000| Untracked 
|  88|0x000000008e800000, 0x000000008e800000, 0x000000008e900000|  0%| F|  |TAMS 0x000000008e800000, 0x000000008e800000| Untracked 
|  89|0x000000008e900000, 0x000000008e900000, 0x000000008ea00000|  0%| F|  |TAMS 0x000000008e900000, 0x000000008e900000| Untracked 
|  90|0x000000008ea00000, 0x000000008ea00000, 0x000000008eb00000|  0%| F|  |TAMS 0x000000008ea00000, 0x000000008ea00000| Untracked 
|  91|0x000000008eb00000, 0x000000008eb00000, 0x000000008ec00000|  0%| F|  |TAMS 0x000000008eb00000, 0x000000008eb00000| Untracked 
|  92|0x000000008ec00000, 0x000000008ec00000, 0x000000008ed00000|  0%| F|  |TAMS 0x000000008ec00000, 0x000000008ec00000| Untracked 
|  93|0x000000008ed00000, 0x000000008ed00000, 0x000000008ee00000|  0%| F|  |TAMS 0x000000008ed00000, 0x000000008ed00000| Untracked 
|  94|0x000000008ee00000, 0x000000008ee00000, 0x000000008ef00000|  0%| F|  |TAMS 0x000000008ee00000, 0x000000008ee00000| Untracked 
|  95|0x000000008ef00000, 0x000000008ef00000, 0x000000008f000000|  0%| F|  |TAMS 0x000000008ef00000, 0x000000008ef00000| Untracked 
|  96|0x000000008f000000, 0x000000008f000000, 0x000000008f100000|  0%| F|  |TAMS 0x000000008f000000, 0x000000008f000000| Untracked 
|  97|0x000000008f100000, 0x000000008f16b618, 0x000000008f200000| 41%| S|CS|TAMS 0x000000008f100000, 0x000000008f100000| Complete 
|  98|0x000000008f200000, 0x000000008f300000, 0x000000008f300000|100%| S|CS|TAMS 0x000000008f200000, 0x000000008f200000| Complete 
|  99|0x000000008f300000, 0x000000008f400000, 0x000000008f400000|100%| S|CS|TAMS 0x000000008f300000, 0x000000008f300000| Complete 
| 100|0x000000008f400000, 0x000000008f400000, 0x000000008f500000|  0%| F|  |TAMS 0x000000008f400000, 0x000000008f400000| Untracked 
| 101|0x000000008f500000, 0x000000008f500000, 0x000000008f600000|  0%| F|  |TAMS 0x000000008f500000, 0x000000008f500000| Untracked 
| 102|0x000000008f600000, 0x000000008f600000, 0x000000008f700000|  0%| F|  |TAMS 0x000000008f600000, 0x000000008f600000| Untracked 
| 103|0x000000008f700000, 0x000000008f700000, 0x000000008f800000|  0%| F|  |TAMS 0x000000008f700000, 0x000000008f700000| Untracked 
| 104|0x000000008f800000, 0x000000008f800000, 0x000000008f900000|  0%| F|  |TAMS 0x000000008f800000, 0x000000008f800000| Untracked 
| 105|0x000000008f900000, 0x000000008f900000, 0x000000008fa00000|  0%| F|  |TAMS 0x000000008f900000, 0x000000008f900000| Untracked 
| 106|0x000000008fa00000, 0x000000008fa00000, 0x000000008fb00000|  0%| F|  |TAMS 0x000000008fa00000, 0x000000008fa00000| Untracked 
| 107|0x000000008fb00000, 0x000000008fb00000, 0x000000008fc00000|  0%| F|  |TAMS 0x000000008fb00000, 0x000000008fb00000| Untracked 
| 108|0x000000008fc00000, 0x000000008fc00000, 0x000000008fd00000|  0%| F|  |TAMS 0x000000008fc00000, 0x000000008fc00000| Untracked 
| 109|0x000000008fd00000, 0x000000008fd00000, 0x000000008fe00000|  0%| F|  |TAMS 0x000000008fd00000, 0x000000008fd00000| Untracked 
| 110|0x000000008fe00000, 0x000000008fe00000, 0x000000008ff00000|  0%| F|  |TAMS 0x000000008fe00000, 0x000000008fe00000| Untracked 
| 111|0x000000008ff00000, 0x000000008ff00000, 0x0000000090000000|  0%| F|  |TAMS 0x000000008ff00000, 0x000000008ff00000| Untracked 
| 112|0x0000000090000000, 0x0000000090000000, 0x0000000090100000|  0%| F|  |TAMS 0x0000000090000000, 0x0000000090000000| Untracked 
| 113|0x0000000090100000, 0x0000000090100000, 0x0000000090200000|  0%| F|  |TAMS 0x0000000090100000, 0x0000000090100000| Untracked 
| 114|0x0000000090200000, 0x0000000090200000, 0x0000000090300000|  0%| F|  |TAMS 0x0000000090200000, 0x0000000090200000| Untracked 
| 115|0x0000000090300000, 0x0000000090300000, 0x0000000090400000|  0%| F|  |TAMS 0x0000000090300000, 0x0000000090300000| Untracked 
| 116|0x0000000090400000, 0x0000000090400000, 0x0000000090500000|  0%| F|  |TAMS 0x0000000090400000, 0x0000000090400000| Untracked 
| 117|0x0000000090500000, 0x0000000090500000, 0x0000000090600000|  0%| F|  |TAMS 0x0000000090500000, 0x0000000090500000| Untracked 
| 118|0x0000000090600000, 0x0000000090600000, 0x0000000090700000|  0%| F|  |TAMS 0x0000000090600000, 0x0000000090600000| Untracked 
| 119|0x0000000090700000, 0x0000000090800000, 0x0000000090800000|100%| E|  |TAMS 0x0000000090700000, 0x0000000090700000| Complete 

Card table byte_map: [0x000001847b770000,0x000001847bb30000] _byte_map_base: 0x000001847b328000

Marking Bits (Prev, Next): (CMBitMap*) 0x0000018463fdaab0, (CMBitMap*) 0x0000018463fdaa78
 Prev Bits: [0x000001847dcb0000, 0x000001847fa70000)
 Next Bits: [0x000001847bef0000, 0x000001847dcb0000)

Polling page: 0x0000018461df0000

Metaspace:

Usage:
  Non-class:     16.10 MB capacity,    15.94 MB ( 99%) used,   141.97 KB ( <1%) free+waste,    28.13 KB ( <1%) overhead. 
      Class:      2.09 MB capacity,     1.99 MB ( 95%) used,    98.13 KB (  5%) free+waste,    12.50 KB ( <1%) overhead. 
       Both:     18.20 MB capacity,    17.93 MB ( 98%) used,   240.10 KB (  1%) free+waste,    40.63 KB ( <1%) overhead. 

Virtual space:
  Non-class space:       22.00 MB reserved,      16.25 MB ( 74%) committed 
      Class space:        1.00 GB reserved,       2.13 MB ( <1%) committed 
             Both:        1.02 GB reserved,      18.38 MB (  2%) committed 

Chunk freelists:
   Non-Class:  2.63 KB
       Class:  0 bytes
        Both:  2.63 KB

CodeHeap 'non-profiled nmethods': size=120064Kb used=437Kb max_used=437Kb free=119626Kb
 bounds [0x0000018473e70000, 0x00000184740e0000, 0x000001847b3b0000]
CodeHeap 'profiled nmethods': size=120000Kb used=2423Kb max_used=2423Kb free=117576Kb
 bounds [0x000001846c940000, 0x000001846cbb0000, 0x0000018473e70000]
CodeHeap 'non-nmethods': size=5696Kb used=1132Kb max_used=1147Kb free=4563Kb
 bounds [0x000001846c3b0000, 0x000001846c620000, 0x000001846c940000]
 total_blobs=1705 nmethods=1253 adapters=365
 compilation: enabled
              stopped_count=0, restarted_count=0
 full_count=0

Compilation events (10 events):
Event: 4.509 Thread 0x000001847ff70800 1242       3       java.lang.ref.ReferenceQueue::reallyPoll (65 bytes)
Event: 4.510 Thread 0x000001847ff70800 nmethod 1242 0x000001846cb93610 code [0x000001846cb937e0, 0x000001846cb93d58]
Event: 4.528 Thread 0x000001847ff70800 1244       3       java.lang.Class::forName (47 bytes)
Event: 4.529 Thread 0x000001847ff70800 nmethod 1244 0x000001846cb93e90 code [0x000001846cb94080, 0x000001846cb94550]
Event: 4.530 Thread 0x000001847ff70800 1245       3       java.util.regex.Pattern$Start::match (90 bytes)
Event: 4.531 Thread 0x000001847ff70800 nmethod 1245 0x000001846cb94710 code [0x000001846cb948e0, 0x000001846cb94d10]
Event: 4.531 Thread 0x000001847ff70800 1246       3       java.util.Formatter$Flags::contains (22 bytes)
Event: 4.531 Thread 0x000001847ff70800 nmethod 1246 0x000001846cb94e90 code [0x000001846cb95040, 0x000001846cb95258]
Event: 4.531 Thread 0x000001847ff70800 1247       3       java.util.regex.Pattern$GroupTail::match (111 bytes)
Event: 4.531 Thread 0x000001847ff70800 nmethod 1247 0x000001846cb95310 code [0x000001846cb954e0, 0x000001846cb958d0]

GC Heap History (8 events):
Event: 1.314 GC heap before
{Heap before GC invocations=0 (full 0):
 garbage-first heap   total 122880K, used 15360K [0x0000000089000000, 0x0000000100000000)
  region size 1024K, 14 young (14336K), 0 survivors (0K)
 Metaspace       used 11453K, capacity 11665K, committed 12032K, reserved 1060864K
  class space    used 1082K, capacity 1165K, committed 1280K, reserved 1048576K
}
Event: 1.324 GC heap after
{Heap after GC invocations=1 (full 0):
 garbage-first heap   total 122880K, used 6446K [0x0000000089000000, 0x0000000100000000)
  region size 1024K, 2 young (2048K), 2 survivors (2048K)
 Metaspace       used 11453K, capacity 11665K, committed 12032K, reserved 1060864K
  class space    used 1082K, capacity 1165K, committed 1280K, reserved 1048576K
}
Event: 2.546 GC heap before
{Heap before GC invocations=1 (full 0):
 garbage-first heap   total 122880K, used 15662K [0x0000000089000000, 0x0000000100000000)
  region size 1024K, 12 young (12288K), 2 survivors (2048K)
 Metaspace       used 13602K, capacity 13881K, committed 14080K, reserved 1062912K
  class space    used 1314K, capacity 1414K, committed 1536K, reserved 1048576K
}
Event: 2.552 GC heap after
{Heap after GC invocations=2 (full 0):
 garbage-first heap   total 122880K, used 7826K [0x0000000089000000, 0x0000000100000000)
  region size 1024K, 2 young (2048K), 2 survivors (2048K)
 Metaspace       used 13602K, capacity 13881K, committed 14080K, reserved 1062912K
  class space    used 1314K, capacity 1414K, committed 1536K, reserved 1048576K
}
Event: 2.574 GC heap before
{Heap before GC invocations=2 (full 0):
 garbage-first heap   total 122880K, used 34450K [0x0000000089000000, 0x0000000100000000)
  region size 1024K, 29 young (29696K), 2 survivors (2048K)
 Metaspace       used 13602K, capacity 13881K, committed 14080K, reserved 1062912K
  class space    used 1314K, capacity 1414K, committed 1536K, reserved 1048576K
}
Event: 2.576 GC heap after
{Heap after GC invocations=3 (full 0):
 garbage-first heap   total 122880K, used 7947K [0x0000000089000000, 0x0000000100000000)
  region size 1024K, 2 young (2048K), 2 survivors (2048K)
 Metaspace       used 13602K, capacity 13881K, committed 14080K, reserved 1062912K
  class space    used 1314K, capacity 1414K, committed 1536K, reserved 1048576K
}
Event: 4.500 GC heap before
{Heap before GC invocations=3 (full 0):
 garbage-first heap   total 122880K, used 26379K [0x0000000089000000, 0x0000000100000000)
  region size 1024K, 22 young (22528K), 2 survivors (2048K)
 Metaspace       used 18187K, capacity 18467K, committed 18560K, reserved 1071104K
  class space    used 1995K, capacity 2109K, committed 2176K, reserved 1048576K
}
Event: 4.505 GC heap after
{Heap after GC invocations=4 (full 0):
 garbage-first heap   total 122880K, used 8866K [0x0000000089000000, 0x0000000100000000)
  region size 1024K, 3 young (3072K), 3 survivors (3072K)
 Metaspace       used 18187K, capacity 18467K, committed 18560K, reserved 1071104K
  class space    used 1995K, capacity 2109K, committed 2176K, reserved 1048576K
}

Deoptimization events (10 events):
Event: 0.968 Thread 0x00000184430a9000 Uncommon trap: reason=unstable_if action=reinterpret pc=0x0000018473e8d350 method=java.util.zip.ZipFile$Source.getEntryPos([BZ)I @ 145 c2
Event: 0.974 Thread 0x0000018463f9d800 Uncommon trap: reason=bimorphic_or_optimized_type_check action=maybe_recompile pc=0x0000018473e79c94 method=java.util.AbstractCollection.isEmpty()Z @ 1 c2
Event: 0.974 Thread 0x0000018463f9d800 Uncommon trap: reason=bimorphic_or_optimized_type_check action=maybe_recompile pc=0x0000018473e79c94 method=java.util.AbstractCollection.isEmpty()Z @ 1 c2
Event: 0.978 Thread 0x0000018463f9d800 Uncommon trap: reason=bimorphic_or_optimized_type_check action=maybe_recompile pc=0x0000018473e79c94 method=java.util.AbstractCollection.isEmpty()Z @ 1 c2
Event: 1.026 Thread 0x0000018463f9d800 Uncommon trap: reason=bimorphic_or_optimized_type_check action=maybe_recompile pc=0x0000018473e8f91c method=java.util.HashMap.getNode(ILjava/lang/Object;)Ljava/util/HashMap$Node; @ 59 c2
Event: 2.910 Thread 0x0000018463f9d800 Uncommon trap: reason=bimorphic_or_optimized_type_check action=maybe_recompile pc=0x0000018473ea6514 method=java.util.HashMap.getNode(ILjava/lang/Object;)Ljava/util/HashMap$Node; @ 126 c2
Event: 2.910 Thread 0x0000018463f9d800 Uncommon trap: reason=bimorphic_or_optimized_type_check action=maybe_recompile pc=0x0000018473ea6514 method=java.util.HashMap.getNode(ILjava/lang/Object;)Ljava/util/HashMap$Node; @ 126 c2
Event: 2.910 Thread 0x0000018463f9d800 Uncommon trap: reason=bimorphic_or_optimized_type_check action=maybe_recompile pc=0x0000018473ea6514 method=java.util.HashMap.getNode(ILjava/lang/Object;)Ljava/util/HashMap$Node; @ 126 c2
Event: 3.894 Thread 0x0000018463f9d800 Uncommon trap: reason=unstable_if action=reinterpret pc=0x0000018473ecb074 method=java.lang.AbstractStringBuilder.appendChars(Ljava/lang/CharSequence;II)V @ 4 c2
Event: 4.390 Thread 0x0000018463f9d800 Uncommon trap: reason=bimorphic_or_optimized_type_check action=maybe_recompile pc=0x0000018473e8f91c method=java.util.HashMap.getNode(ILjava/lang/Object;)Ljava/util/HashMap$Node; @ 59 c2

Classes redefined (0 events):
No events

Internal exceptions (10 events):
Event: 1.069 Thread 0x0000018463f9d800 Exception <a 'java/security/PrivilegedActionException'{0x000000008fe83ff0}> (0x000000008fe83ff0) thrown at [./open/src/hotspot/share/prims/jvm.cpp, line 1296]
Event: 1.069 Thread 0x0000018463f9d800 Exception <a 'java/security/PrivilegedActionException'{0x000000008fe84568}> (0x000000008fe84568) thrown at [./open/src/hotspot/share/prims/jvm.cpp, line 1296]
Event: 1.069 Thread 0x0000018463f9d800 Exception <a 'java/security/PrivilegedActionException'{0x000000008fe85700}> (0x000000008fe85700) thrown at [./open/src/hotspot/share/prims/jvm.cpp, line 1296]
Event: 1.069 Thread 0x0000018463f9d800 Exception <a 'java/security/PrivilegedActionException'{0x000000008fe85c78}> (0x000000008fe85c78) thrown at [./open/src/hotspot/share/prims/jvm.cpp, line 1296]
Event: 1.069 Thread 0x0000018463f9d800 Exception <a 'java/security/PrivilegedActionException'{0x000000008fe86e68}> (0x000000008fe86e68) thrown at [./open/src/hotspot/share/prims/jvm.cpp, line 1296]
Event: 1.069 Thread 0x0000018463f9d800 Exception <a 'java/security/PrivilegedActionException'{0x000000008fe873e0}> (0x000000008fe873e0) thrown at [./open/src/hotspot/share/prims/jvm.cpp, line 1296]
Event: 1.069 Thread 0x0000018463f9d800 Exception <a 'java/security/PrivilegedActionException'{0x000000008fe88628}> (0x000000008fe88628) thrown at [./open/src/hotspot/share/prims/jvm.cpp, line 1296]
Event: 1.069 Thread 0x0000018463f9d800 Exception <a 'java/security/PrivilegedActionException'{0x000000008fe88ba0}> (0x000000008fe88ba0) thrown at [./open/src/hotspot/share/prims/jvm.cpp, line 1296]
Event: 1.226 Thread 0x0000018463f9d800 Exception <a 'java/lang/NoSuchMethodError'{0x000000008fc9cf20}: java.lang.invoke.DirectMethodHandle$Holder.invokeVirtual(Ljava/lang/Object;Ljava/lang/Object;Ljava/lang/Object;)Ljava/lang/Object;> (0x000000008fc9cf20) thrown at [./open/src/hotspot/share/in
Event: 1.648 Thread 0x0000018463f9d800 Exception <a 'java/lang/NoSuchMethodError'{0x0000000090261f60}: java.lang.invoke.DirectMethodHandle$Holder.invokeStaticInit(Ljava/lang/Object;Ljava/lang/Object;)V> (0x0000000090261f60) thrown at [./open/src/hotspot/share/interpreter/linkResolver.cpp, line

Events (10 events):
Event: 4.540 loading class org/hibernate/boot/internal/BootstrapContextImpl$1
Event: 4.540 loading class org/hibernate/boot/internal/BootstrapContextImpl$1 done
Event: 4.541 loading class org/hibernate/jpa/internal/MutableJpaComplianceImpl
Event: 4.541 loading class org/hibernate/jpa/internal/MutableJpaComplianceImpl done
Event: 4.542 loading class org/hibernate/boot/archive/scan/internal/StandardScanOptions
Event: 4.542 loading class org/hibernate/boot/archive/scan/internal/StandardScanOptions done
Event: 4.543 loading class org/hibernate/boot/archive/spi/ArchiveDescriptorFactory
Event: 4.543 loading class org/hibernate/boot/archive/spi/ArchiveDescriptorFactory done
Event: 4.543 loading class org/hibernate/type/spi/TypeConfiguration
Event: 4.543 loading class org/hibernate/type/spi/TypeConfiguration done


Dynamic libraries:
0x00007ff6d18c0000 - 0x00007ff6d18cf000 	C:\Program Files\Java\jdk-11.0.8\bin\java.exe
0x00007ffc3df90000 - 0x00007ffc3e184000 	C:\Windows\SYSTEM32\ntdll.dll
0x00007ffc3db10000 - 0x00007ffc3dbcd000 	C:\Windows\System32\KERNEL32.DLL
0x00007ffc3ba00000 - 0x00007ffc3bcc7000 	C:\Windows\System32\KERNELBASE.dll
0x00007ffc3b8a0000 - 0x00007ffc3b9a0000 	C:\Windows\System32\ucrtbase.dll
0x00007ffc36f90000 - 0x00007ffc36fa5000 	C:\Program Files\Java\jdk-11.0.8\bin\VCRUNTIME140.dll
0x00007ffc36fb0000 - 0x00007ffc36fc8000 	C:\Program Files\Java\jdk-11.0.8\bin\jli.dll
0x00007ffc3c000000 - 0x00007ffc3c0aa000 	C:\Windows\System32\ADVAPI32.dll
0x00007ffc3c780000 - 0x00007ffc3c81e000 	C:\Windows\System32\msvcrt.dll
0x00007ffc3ddd0000 - 0x00007ffc3de6b000 	C:\Windows\System32\sechost.dll
0x00007ffc3d4d0000 - 0x00007ffc3d5f3000 	C:\Windows\System32\RPCRT4.dll
0x00007ffc3c570000 - 0x00007ffc3c710000 	C:\Windows\System32\USER32.dll
0x00007ffc3bf50000 - 0x00007ffc3bf72000 	C:\Windows\System32\win32u.dll
0x00007ffc3dc10000 - 0x00007ffc3dc3a000 	C:\Windows\System32\GDI32.dll
0x00007ffc319d0000 - 0x00007ffc31c6a000 	C:\Windows\WinSxS\amd64_microsoft.windows.common-controls_6595b64144ccf1df_6.0.19041.1_none_b555e41d4684ddec\COMCTL32.dll
0x00007ffc3b790000 - 0x00007ffc3b89a000 	C:\Windows\System32\gdi32full.dll
0x00007ffc3bd50000 - 0x00007ffc3bded000 	C:\Windows\System32\msvcp_win.dll
0x00007ffc344c0000 - 0x00007ffc344ca000 	C:\Windows\SYSTEM32\VERSION.dll
0x00007ffc3d4a0000 - 0x00007ffc3d4d0000 	C:\Windows\System32\IMM32.DLL
0x00007ffc36ef0000 - 0x00007ffc36f8b000 	C:\Program Files\Java\jdk-11.0.8\bin\msvcp140.dll
0x00007ffbe6920000 - 0x00007ffbe7406000 	C:\Program Files\Java\jdk-11.0.8\bin\server\jvm.dll
0x00007ffc3dbe0000 - 0x00007ffc3dbe8000 	C:\Windows\System32\PSAPI.DLL
0x00007ffc33c00000 - 0x00007ffc33c27000 	C:\Windows\SYSTEM32\WINMM.dll
0x00007ffc32980000 - 0x00007ffc32989000 	C:\Windows\SYSTEM32\WSOCK32.dll
0x00007ffc3c710000 - 0x00007ffc3c77b000 	C:\Windows\System32\WS2_32.dll
0x00007ffc39340000 - 0x00007ffc39353000 	C:\Windows\SYSTEM32\kernel.appcore.dll
0x00007ffc36ee0000 - 0x00007ffc36ef0000 	C:\Program Files\Java\jdk-11.0.8\bin\verify.dll
0x00007ffc33c30000 - 0x00007ffc33e14000 	C:\Windows\SYSTEM32\DBGHELP.DLL
0x00007ffc33bd0000 - 0x00007ffc33bfc000 	C:\Windows\SYSTEM32\dbgcore.DLL
0x00007ffc3bcd0000 - 0x00007ffc3bd4f000 	C:\Windows\System32\bcryptPrimitives.dll
0x00007ffc36eb0000 - 0x00007ffc36ed8000 	C:\Program Files\Java\jdk-11.0.8\bin\java.dll
0x00007ffc36ea0000 - 0x00007ffc36eaa000 	C:\Program Files\Java\jdk-11.0.8\bin\jimage.dll
0x00007ffc34460000 - 0x00007ffc3446e000 	C:\Program Files\Java\jdk-11.0.8\bin\instrument.dll
0x00007ffc36e80000 - 0x00007ffc36e96000 	C:\Program Files\Java\jdk-11.0.8\bin\zip.dll
0x00007ffc3cc90000 - 0x00007ffc3d3c4000 	C:\Windows\System32\SHELL32.dll
0x00007ffc3a450000 - 0x00007ffc3abde000 	C:\Windows\SYSTEM32\windows.storage.dll
0x00007ffc3d600000 - 0x00007ffc3d953000 	C:\Windows\System32\combase.dll
0x00007ffc3b160000 - 0x00007ffc3b18b000 	C:\Windows\SYSTEM32\Wldp.dll
0x00007ffc3c4c0000 - 0x00007ffc3c56e000 	C:\Windows\System32\SHCORE.dll
0x00007ffc3c220000 - 0x00007ffc3c275000 	C:\Windows\System32\shlwapi.dll
0x00007ffc3b620000 - 0x00007ffc3b63f000 	C:\Windows\SYSTEM32\profapi.dll
0x00007ffc36940000 - 0x00007ffc36959000 	C:\Program Files\Java\jdk-11.0.8\bin\net.dll
0x00007ffc35b70000 - 0x00007ffc35c70000 	C:\Windows\SYSTEM32\WINHTTP.dll
0x00007ffc3a330000 - 0x00007ffc3a39a000 	C:\Windows\system32\mswsock.dll
0x00007ffc18010000 - 0x00007ffc18022000 	C:\Program Files\Java\jdk-11.0.8\bin\nio.dll
0x00007ffc17fa0000 - 0x00007ffc17fba000 	C:\Program Files\JetBrains\IntelliJ IDEA 2020.2.3\bin\breakgen64.dll
0x00007ffc3a060000 - 0x00007ffc3a12a000 	C:\Windows\SYSTEM32\DNSAPI.dll
0x00007ffc3a020000 - 0x00007ffc3a05b000 	C:\Windows\SYSTEM32\IPHLPAPI.DLL
0x00007ffc3dbd0000 - 0x00007ffc3dbd9000 	C:\Windows\System32\NSI.dll
0x00007ffc19360000 - 0x00007ffc1936a000 	C:\Windows\System32\rasadhlp.dll
0x00007ffc19470000 - 0x00007ffc194ef000 	C:\Windows\System32\fwpuclnt.dll
0x00007ffc3bfd0000 - 0x00007ffc3bff7000 	C:\Windows\System32\bcrypt.dll
0x00007ffc3b0b0000 - 0x00007ffc3b0c8000 	C:\Windows\SYSTEM32\CRYPTSP.dll
0x0000000071e10000 - 0x0000000071e21000 	C:\Program Files\Common Files\Crypto Pro\AppCompat\cpadvai.dll
0x0000000071e30000 - 0x0000000071e37000 	C:\Program Files\Common Files\Crypto Pro\AppCompat\detoured.dll
0x00007ffc39cc0000 - 0x00007ffc39cf4000 	C:\Windows\system32\rsaenh.dll
0x00007ffc3b5e0000 - 0x00007ffc3b60e000 	C:\Windows\SYSTEM32\USERENV.dll
0x00007ffc3b0d0000 - 0x00007ffc3b0dc000 	C:\Windows\SYSTEM32\CRYPTBASE.dll
0x00007ffc340b0000 - 0x00007ffc340c7000 	C:\Windows\SYSTEM32\dhcpcsvc6.DLL
0x00007ffc31760000 - 0x00007ffc3177d000 	C:\Windows\SYSTEM32\dhcpcsvc.DLL

dbghelp: loaded successfully - version: 4.0.5 - missing functions: none
symbol engine: initialized successfully - sym options: 0x614 - pdb path: .;C:\Program Files\Java\jdk-11.0.8\bin;C:\Windows\SYSTEM32;C:\Windows\WinSxS\amd64_microsoft.windows.common-controls_6595b64144ccf1df_6.0.19041.1_none_b555e41d4684ddec;C:\Program Files\Java\jdk-11.0.8\bin\server;C:\Program Files\JetBrains\IntelliJ IDEA 2020.2.3\bin;C:\Program Files\Common Files\Crypto Pro\AppCompat

VM Arguments:
jvm_args: -ea -Didea.test.cyclic.buffer.size=1048576 -javaagent:C:\Program Files\JetBrains\IntelliJ IDEA 2020.2.3\lib\idea_rt.jar=54298:C:\Program Files\JetBrains\IntelliJ IDEA 2020.2.3\bin -Dfile.encoding=UTF-8 
java_command: com.intellij.rt.junit.JUnitStarter -ideVersion5 -junit4 UserServiceTest
java_class_path (initial): C:\Program Files\JetBrains\IntelliJ IDEA 2020.2.3\lib\idea_rt.jar;C:\Program Files\JetBrains\IntelliJ IDEA 2020.2.3\plugins\junit\lib\junit5-rt.jar;C:\Program Files\JetBrains\IntelliJ IDEA 2020.2.3\plugins\junit\lib\junit-rt.jar;D:\dev\java\java_projects\CoreTaskTemplate2\target\test-classes;D:\dev\java\java_projects\CoreTaskTemplate2\target\classes;D:\dev\java\java_projects\CoreTaskTemplate2\lib\mysql-connector-java-8.0.21.jar;D:\dev\java\java_projects\CoreTaskTemplate2\lib\protobuf-java-3.11.4.jar;D:\dev\java\java_projects\CoreTaskTemplate2\lib\hibernate-core-5.4.10.Final.jar;D:\dev\java\java_projects\CoreTaskTemplate2\lib\jboss-logging-3.3.2.Final.jar;D:\dev\java\java_projects\CoreTaskTemplate2\lib\javax.persistence-api-2.2.jar;D:\dev\java\java_projects\CoreTaskTemplate2\lib\javassist-3.24.0-GA.jar;D:\dev\java\java_projects\CoreTaskTemplate2\lib\byte-buddy-1.10.2.jar;D:\dev\java\java_projects\CoreTaskTemplate2\lib\antlr-2.7.7.jar;D:\dev\java\java_projects\CoreTaskTemplate2\lib\jboss-transaction-api_1.2_spec-1.1.1.Final.jar;D:\dev\java\java_projects\CoreTaskTemplate2\lib\jandex-2.1.1.Final.jar;D:\dev\java\java_projects\CoreTaskTemplate2\lib\classmate-1.5.1.jar;D:\dev\java\java_projects\CoreTaskTemplate2\lib\javax.activation-api-1.2.0.jar;D:\dev\java\java_projects\CoreTaskTemplate2\lib\dom4j-2.1.1.jar;D:\dev\java\java_projects\CoreTaskTemplate2\lib\hibernate-commons-annotations-5.1.0.Final.jar;D:\dev\java\java_projects\CoreTaskTemplate2\lib\jaxb-api-2.3.1.jar;D:\dev\java\java_projects\CoreTaskTemplate2\lib\jaxb-runtime-2.3.1.jar;D:\dev\java\java_projects\CoreTaskTemplate2\lib\txw2-2.3.1.jar;D:\dev\java\java_projects\CoreTaskTemplate2\lib\istack-commons-runtime-3.0.7.jar;D:\dev\java\java_projects\CoreTaskTemplate2\lib\stax-ex-1.8.jar;D:\dev\java\java_projects\CoreTaskTemplate2\lib\FastInfoset-1.2.15.jar;C:\Users\Atiacht\.m2\repository\junit\junit\4.12\junit-4.12.jar;C:\Users\Atiacht\.m2\repository\org\hamcrest\hamcrest-core\1.3\hamcrest-
Launcher Type: SUN_STANDARD

[Global flags]
     intx CICompilerCount                          = 3                                         {product} {ergonomic}
     uint ConcGCThreads                            = 1                                         {product} {ergonomic}
     uint G1ConcRefinementThreads                  = 4                                         {product} {ergonomic}
   size_t G1HeapRegionSize                         = 1048576                                   {product} {ergonomic}
    uintx GCDrainStackTargetSize                   = 64                                        {product} {ergonomic}
   size_t InitialHeapSize                          = 125829120                                 {product} {ergonomic}
   size_t MarkStackSize                            = 4194304                                   {product} {ergonomic}
   size_t MaxHeapSize                              = 1996488704                                {product} {ergonomic}
   size_t MaxNewSize                               = 1197473792                                {product} {ergonomic}
   size_t MinHeapDeltaBytes                        = 1048576                                   {product} {ergonomic}
    uintx NonNMethodCodeHeapSize                   = 5830732                                {pd product} {ergonomic}
    uintx NonProfiledCodeHeapSize                  = 122913754                              {pd product} {ergonomic}
    uintx ProfiledCodeHeapSize                     = 122913754                              {pd product} {ergonomic}
    uintx ReservedCodeCacheSize                    = 251658240                              {pd product} {ergonomic}
     bool SegmentedCodeCache                       = true                                      {product} {ergonomic}
     bool UseCompressedClassPointers               = true                                 {lp64_product} {ergonomic}
     bool UseCompressedOops                        = true                                 {lp64_product} {ergonomic}
     bool UseG1GC                                  = true                                      {product} {ergonomic}
     bool UseLargePagesIndividualAllocation        = false                                  {pd product} {ergonomic}

Logging:
Log output configuration:
 #0: stdout all=warning uptime,level,tags
 #1: stderr all=off uptime,level,tags

Environment Variables:
PATH=C:\Program Files\Common Files\Oracle\Java\javapath;C:\Windows\system32;C:\Windows;C:\Windows\System32\Wbem;C:\Windows\System32\WindowsPowerShell\v1.0\;C:\Windows\System32\OpenSSH\;C:\Program Files (x86)\NVIDIA Corporation\PhysX\Common;C:\Program Files\NVIDIA Corporation\NVIDIA NvDLISR;C:\Program Files\Java\jdk-11.0.8\bin;C:\Program Files\Git\cmd;C:\Program Files\apache-maven-3.6.3\bin;C:\Program Files\MySQL\MySQL Shell 8.0\bin\;C:\Users\Atiacht\AppData\Local\Programs\Python\Python39\Scripts\;C:\Users\Atiacht\AppData\Local\Programs\Python\Python39\;C:\Users\Atiacht\AppData\Local\Microsoft\WindowsApps;C:\Program Files\JetBrains\IntelliJ IDEA 2020.2.3\bin;;C:\Program Files\Java\jdk-11.0.8\bin;C:\Program Files\apache-maven-3.6.3\bin;
USERNAME=Atiacht
OS=Windows_NT
PROCESSOR_IDENTIFIER=AMD64 Family 21 Model 101 Stepping 1, AuthenticAMD



---------------  S Y S T E M  ---------------

OS: Windows 10 , 64 bit Build 19041 (10.0.19041.292)

CPU:total 4 (initial active 4) (4 cores per cpu, 1 threads per core) family 21 model 101 stepping 1, cmov, cx8, fxsr, mmx, sse, sse2, sse3, ssse3, sse4.1, sse4.2, popcnt, avx, avx2, aes, clmul, mmxext, 3dnowpref, lzcnt, sse4a, tsc, tscinvbit, tscinv, bmi1, bmi2, fma

Memory: 4k page, system-wide physical 7612M (1126M free)
TotalPageFile size 10684M (AvailPageFile size 193M)
current process WorkingSet (physical memory assigned to process): 100M, peak: 100M
current process commit charge ("private bytes"): 215M, peak: 215M

vm_info: Java HotSpot(TM) 64-Bit Server VM (11.0.8+10-LTS) for windows-amd64 JRE (11.0.8+10-LTS), built on Jun 16 2020 05:53:08 by "mach5one" with unknown MS VC++:1916

END.
