#
# There is insufficient memory for the Java Runtime Environment to continue.
# Native memory allocation (malloc) failed to allocate 1048576 bytes for AllocateHeap
# Possible reasons:
#   The system is out of physical RAM or swap space
#   The process is running with CompressedOops enabled, and the Java Heap may be blocking the growth of the native heap
# Possible solutions:
#   Reduce memory load on the system
#   Increase physical memory or swap space
#   Check if swap backing store is full
#   Decrease Java heap size (-Xmx/-Xms)
#   Decrease number of Java threads
#   Decrease Java thread stack sizes (-Xss)
#   Set larger code cache with -XX:ReservedCodeCacheSize=
#   JVM is running with Unscaled Compressed Oops mode in which the Java heap is
#     placed in the first 4GB address space. The Java Heap base address is the
#     maximum limit for the native heap growth. Please use -XX:HeapBaseMinAddress
#     to set the Java Heap base and to place the Java Heap above 4GB virtual address.
# This output file may be truncated or incomplete.
#
#  Out of Memory Error (./open/src/hotspot/share/memory/allocation.cpp:46), pid=10964, tid=12952
#
# JRE version: Java(TM) SE Runtime Environment 18.9 (11.0.8+10) (build 11.0.8+10-LTS)
# Java VM: Java HotSpot(TM) 64-Bit Server VM 18.9 (11.0.8+10-LTS, mixed mode, tiered, compressed oops, g1 gc, windows-amd64)
# No core dump will be written. Minidumps are not enabled by default on client versions of Windows
#

---------------  S U M M A R Y ------------

Command Line: -javaagent:C:\Program Files\JetBrains\IntelliJ IDEA 2020.2.3\lib\idea_rt.jar=57611:C:\Program Files\JetBrains\IntelliJ IDEA 2020.2.3\bin -Dfile.encoding=UTF-8 jm.task.core.jdbc.Main

Host: AMD A8-9600 RADEON R7, 10 COMPUTE CORES 4C+6G  , 4 cores, 7G,  Windows 10 , 64 bit Build 19041 (10.0.19041.292)
Time: Wed Dec 16 13:22:07 2020 RTZ 2 (зима) elapsed time: 2 seconds (0d 0h 0m 2s)

---------------  T H R E A D  ---------------

Current thread (0x000001f4d61f7800):  VMThread "VM Thread" [stack: 0x0000003767d00000,0x0000003767e00000] [id=12952]

Stack: [0x0000003767d00000,0x0000003767e00000]
[error occurred during error reporting (printing stack bounds), id 0xc0000005, EXCEPTION_ACCESS_VIOLATION (0xc0000005) at pc=0x000001f4bff10dad]

Native frames: (J=compiled Java code, j=interpreted, Vv=VM code, C=native code)
V  [jvm.dll+0x601aea]
V  [jvm.dll+0x737fef]
V  [jvm.dll+0x739675]
V  [jvm.dll+0x739c55]
V  [jvm.dll+0x739c0b]
V  [jvm.dll+0x6013d3]
V  [jvm.dll+0x601798]
C  [ntdll.dll+0xa00ef]
C  [ntdll.dll+0x4b474]
C  [ntdll.dll+0x9ec1e]
C  0x000001f4bff10dad

VM_Operation (0x00000037677fb930): CollectForMetadataAllocation, mode: safepoint, requested by thread 0x000001f4b632b000


---------------  P R O C E S S  ---------------

Threads class SMR info:
_java_thread_list=0x000001f4d707f880, length=12, elements={
0x000001f4b632b000, 0x000001f4d61fa000, 0x000001f4d61fb800, 0x000001f4d6c13000,
0x000001f4d6235000, 0x000001f4d6238000, 0x000001f4d623e800, 0x000001f4d627e000,
0x000001f4d6d3e000, 0x000001f4d7042000, 0x000001f4d7043000, 0x000001f4d709a000
}

Java Threads: ( => current thread )
  0x000001f4b632b000 JavaThread "main" [_thread_blocked, id=8048, stack(0x0000003767700000,0x0000003767800000)]
  0x000001f4d61fa000 JavaThread "Reference Handler" daemon [_thread_blocked, id=12516, stack(0x0000003767e00000,0x0000003767f00000)]
  0x000001f4d61fb800 JavaThread "Finalizer" daemon [_thread_blocked, id=13048, stack(0x0000003767f00000,0x0000003768000000)]
  0x000001f4d6c13000 JavaThread "Signal Dispatcher" daemon [_thread_blocked, id=13540, stack(0x0000003768000000,0x0000003768100000)]
  0x000001f4d6235000 JavaThread "Attach Listener" daemon [_thread_blocked, id=1204, stack(0x0000003768100000,0x0000003768200000)]
  0x000001f4d6238000 JavaThread "C2 CompilerThread0" daemon [_thread_blocked, id=5492, stack(0x0000003768200000,0x0000003768300000)]
  0x000001f4d623e800 JavaThread "C1 CompilerThread0" daemon [_thread_blocked, id=5480, stack(0x0000003768300000,0x0000003768400000)]
  0x000001f4d627e000 JavaThread "Sweeper thread" daemon [_thread_blocked, id=7764, stack(0x0000003768400000,0x0000003768500000)]
  0x000001f4d6d3e000 JavaThread "Common-Cleaner" daemon [_thread_blocked, id=10748, stack(0x0000003768500000,0x0000003768600000)]
  0x000001f4d7042000 JavaThread "Monitor Ctrl-Break" daemon [_thread_in_native, id=13212, stack(0x0000003768600000,0x0000003768700000)]
  0x000001f4d7043000 JavaThread "Service Thread" daemon [_thread_blocked, id=8644, stack(0x0000003768700000,0x0000003768800000)]
  0x000001f4d709a000 JavaThread "mysql-cj-abandoned-connection-cleanup" daemon [_thread_blocked, id=8152, stack(0x0000003768900000,0x0000003768a00000)]

Other Threads:
=>0x000001f4d61f7800 VMThread "VM Thread" [stack: 0x0000003767d00000,0x0000003767e00000] [id=12952]
  0x000001f4d6db8000 WatcherThread [stack: 0x0000003768800000,0x0000003768900000] [id=12956]
  0x000001f4b6340800 GCTaskThread "GC Thread#0" [stack: 0x0000003767800000,0x0000003767900000] [id=13508]
  0x000001f4d7441800 GCTaskThread "GC Thread#1" [stack: 0x0000003768a00000,0x0000003768b00000] [id=14224]
  0x000001f4b6377000 ConcurrentGCThread "G1 Main Marker" [stack: 0x0000003767900000,0x0000003767a00000] [id=2168]
  0x000001f4b6379000 ConcurrentGCThread "G1 Conc#0" [stack: 0x0000003767a00000,0x0000003767b00000] [id=13936]
  0x000001f4b63f1000 ConcurrentGCThread "G1 Refine#0" [stack: 0x0000003767b00000,0x0000003767c00000] [id=2904]
  0x000001f4b63f2000 ConcurrentGCThread "G1 Young RemSet Sampling" [stack: 0x0000003767c00000,0x0000003767d00000] [id=10608]

Threads with active compile tasks:

VM state:at safepoint (normal execution)

VM Mutex/Monitor currently owned by a thread:  ([mutex/lock_event])
[0x000001f4b6325980] Threads_lock - owner thread: 0x000001f4d61f7800
[0x000001f4b6325a10] Heap_lock - owner thread: 0x000001f4b632b000

Heap address: 0x0000000089000000, size: 1904 MB, Compressed Oops mode: 32-bit
Narrow klass base: 0x0000000000000000, Narrow klass shift: 3
Compressed class space size: 1073741824 Address: 0x0000000100000000

Heap:
 garbage-first heap   total 122880K, used 8697K [0x0000000089000000, 0x0000000100000000)
  region size 1024K, 2 young (2048K), 2 survivors (2048K)
 Metaspace       used 17296K, capacity 17566K, committed 17664K, reserved 1079296K
  class space    used 1871K, capacity 1978K, committed 2048K, reserved 1048576K
Heap Regions: E=young(eden), S=young(survivor), O=old, HS=humongous(starts), HC=humongous(continues), CS=collection set, F=free, A=archive, TAMS=top-at-mark-start (previous, next)
|   0|0x0000000089000000, 0x0000000089100000, 0x0000000089100000|100%|HS|  |TAMS 0x0000000089000000, 0x0000000089100000| Complete 
|   1|0x0000000089100000, 0x0000000089200000, 0x0000000089200000|100%|HS|  |TAMS 0x0000000089100000, 0x0000000089200000| Complete 
|   2|0x0000000089200000, 0x0000000089300000, 0x0000000089300000|100%| O|  |TAMS 0x0000000089200000, 0x0000000089300000| Untracked 
|   3|0x0000000089300000, 0x0000000089400000, 0x0000000089400000|100%| O|  |TAMS 0x0000000089300000, 0x0000000089400000| Untracked 
|   4|0x0000000089400000, 0x0000000089500000, 0x0000000089500000|100%| O|  |TAMS 0x0000000089400000, 0x0000000089500000| Untracked 
|   5|0x0000000089500000, 0x0000000089600000, 0x0000000089600000|100%| O|  |TAMS 0x0000000089500000, 0x0000000089600000| Untracked 
|   6|0x0000000089600000, 0x0000000089700000, 0x0000000089700000|100%| O|  |TAMS 0x0000000089600000, 0x0000000089700000| Untracked 
|   7|0x0000000089700000, 0x0000000089700000, 0x0000000089800000|  0%| F|  |TAMS 0x0000000089700000, 0x0000000089700000| Untracked 
|   8|0x0000000089800000, 0x0000000089800000, 0x0000000089900000|  0%| F|  |TAMS 0x0000000089800000, 0x0000000089800000| Untracked 
|   9|0x0000000089900000, 0x0000000089900000, 0x0000000089a00000|  0%| F|  |TAMS 0x0000000089900000, 0x0000000089900000| Untracked 
|  10|0x0000000089a00000, 0x0000000089a00000, 0x0000000089b00000|  0%| F|  |TAMS 0x0000000089a00000, 0x0000000089a00000| Untracked 
|  11|0x0000000089b00000, 0x0000000089b00000, 0x0000000089c00000|  0%| F|  |TAMS 0x0000000089b00000, 0x0000000089b00000| Untracked 
|  12|0x0000000089c00000, 0x0000000089c00000, 0x0000000089d00000|  0%| F|  |TAMS 0x0000000089c00000, 0x0000000089c00000| Untracked 
|  13|0x0000000089d00000, 0x0000000089d00000, 0x0000000089e00000|  0%| F|  |TAMS 0x0000000089d00000, 0x0000000089d00000| Untracked 
|  14|0x0000000089e00000, 0x0000000089e00000, 0x0000000089f00000|  0%| F|  |TAMS 0x0000000089e00000, 0x0000000089e00000| Untracked 
|  15|0x0000000089f00000, 0x0000000089f00000, 0x000000008a000000|  0%| F|  |TAMS 0x0000000089f00000, 0x0000000089f00000| Untracked 
|  16|0x000000008a000000, 0x000000008a000000, 0x000000008a100000|  0%| F|  |TAMS 0x000000008a000000, 0x000000008a000000| Untracked 
|  17|0x000000008a100000, 0x000000008a100000, 0x000000008a200000|  0%| F|  |TAMS 0x000000008a100000, 0x000000008a100000| Untracked 
|  18|0x000000008a200000, 0x000000008a200000, 0x000000008a300000|  0%| F|  |TAMS 0x000000008a200000, 0x000000008a200000| Untracked 
|  19|0x000000008a300000, 0x000000008a300000, 0x000000008a400000|  0%| F|  |TAMS 0x000000008a300000, 0x000000008a300000| Untracked 
|  20|0x000000008a400000, 0x000000008a400000, 0x000000008a500000|  0%| F|  |TAMS 0x000000008a400000, 0x000000008a400000| Untracked 
|  21|0x000000008a500000, 0x000000008a500000, 0x000000008a600000|  0%| F|  |TAMS 0x000000008a500000, 0x000000008a500000| Untracked 
|  22|0x000000008a600000, 0x000000008a600000, 0x000000008a700000|  0%| F|  |TAMS 0x000000008a600000, 0x000000008a600000| Untracked 
|  23|0x000000008a700000, 0x000000008a700000, 0x000000008a800000|  0%| F|  |TAMS 0x000000008a700000, 0x000000008a700000| Untracked 
|  24|0x000000008a800000, 0x000000008a800000, 0x000000008a900000|  0%| F|  |TAMS 0x000000008a800000, 0x000000008a800000| Untracked 
|  25|0x000000008a900000, 0x000000008a900000, 0x000000008aa00000|  0%| F|  |TAMS 0x000000008a900000, 0x000000008a900000| Untracked 
|  26|0x000000008aa00000, 0x000000008aa00000, 0x000000008ab00000|  0%| F|  |TAMS 0x000000008aa00000, 0x000000008aa00000| Untracked 
|  27|0x000000008ab00000, 0x000000008ab00000, 0x000000008ac00000|  0%| F|  |TAMS 0x000000008ab00000, 0x000000008ab00000| Untracked 
|  28|0x000000008ac00000, 0x000000008ac00000, 0x000000008ad00000|  0%| F|  |TAMS 0x000000008ac00000, 0x000000008ac00000| Untracked 
|  29|0x000000008ad00000, 0x000000008ad00000, 0x000000008ae00000|  0%| F|  |TAMS 0x000000008ad00000, 0x000000008ad00000| Untracked 
|  30|0x000000008ae00000, 0x000000008ae00000, 0x000000008af00000|  0%| F|  |TAMS 0x000000008ae00000, 0x000000008ae00000| Untracked 
|  31|0x000000008af00000, 0x000000008af00000, 0x000000008b000000|  0%| F|  |TAMS 0x000000008af00000, 0x000000008af00000| Untracked 
|  32|0x000000008b000000, 0x000000008b000000, 0x000000008b100000|  0%| F|  |TAMS 0x000000008b000000, 0x000000008b000000| Untracked 
|  33|0x000000008b100000, 0x000000008b100000, 0x000000008b200000|  0%| F|  |TAMS 0x000000008b100000, 0x000000008b100000| Untracked 
|  34|0x000000008b200000, 0x000000008b200000, 0x000000008b300000|  0%| F|  |TAMS 0x000000008b200000, 0x000000008b200000| Untracked 
|  35|0x000000008b300000, 0x000000008b300000, 0x000000008b400000|  0%| F|  |TAMS 0x000000008b300000, 0x000000008b300000| Untracked 
|  36|0x000000008b400000, 0x000000008b400000, 0x000000008b500000|  0%| F|  |TAMS 0x000000008b400000, 0x000000008b400000| Untracked 
|  37|0x000000008b500000, 0x000000008b500000, 0x000000008b600000|  0%| F|  |TAMS 0x000000008b500000, 0x000000008b500000| Untracked 
|  38|0x000000008b600000, 0x000000008b600000, 0x000000008b700000|  0%| F|  |TAMS 0x000000008b600000, 0x000000008b600000| Untracked 
|  39|0x000000008b700000, 0x000000008b700000, 0x000000008b800000|  0%| F|  |TAMS 0x000000008b700000, 0x000000008b700000| Untracked 
|  40|0x000000008b800000, 0x000000008b800000, 0x000000008b900000|  0%| F|  |TAMS 0x000000008b800000, 0x000000008b800000| Untracked 
|  41|0x000000008b900000, 0x000000008b900000, 0x000000008ba00000|  0%| F|  |TAMS 0x000000008b900000, 0x000000008b900000| Untracked 
|  42|0x000000008ba00000, 0x000000008ba00000, 0x000000008bb00000|  0%| F|  |TAMS 0x000000008ba00000, 0x000000008ba00000| Untracked 
|  43|0x000000008bb00000, 0x000000008bb00000, 0x000000008bc00000|  0%| F|  |TAMS 0x000000008bb00000, 0x000000008bb00000| Untracked 
|  44|0x000000008bc00000, 0x000000008bc00000, 0x000000008bd00000|  0%| F|  |TAMS 0x000000008bc00000, 0x000000008bc00000| Untracked 
|  45|0x000000008bd00000, 0x000000008bd00000, 0x000000008be00000|  0%| F|  |TAMS 0x000000008bd00000, 0x000000008bd00000| Untracked 
|  46|0x000000008be00000, 0x000000008be00000, 0x000000008bf00000|  0%| F|  |TAMS 0x000000008be00000, 0x000000008be00000| Untracked 
|  47|0x000000008bf00000, 0x000000008bf00000, 0x000000008c000000|  0%| F|  |TAMS 0x000000008bf00000, 0x000000008bf00000| Untracked 
|  48|0x000000008c000000, 0x000000008c000000, 0x000000008c100000|  0%| F|  |TAMS 0x000000008c000000, 0x000000008c000000| Untracked 
|  49|0x000000008c100000, 0x000000008c100000, 0x000000008c200000|  0%| F|  |TAMS 0x000000008c100000, 0x000000008c100000| Untracked 
|  50|0x000000008c200000, 0x000000008c200000, 0x000000008c300000|  0%| F|  |TAMS 0x000000008c200000, 0x000000008c200000| Untracked 
|  51|0x000000008c300000, 0x000000008c300000, 0x000000008c400000|  0%| F|  |TAMS 0x000000008c300000, 0x000000008c300000| Untracked 
|  52|0x000000008c400000, 0x000000008c400000, 0x000000008c500000|  0%| F|  |TAMS 0x000000008c400000, 0x000000008c400000| Untracked 
|  53|0x000000008c500000, 0x000000008c500000, 0x000000008c600000|  0%| F|  |TAMS 0x000000008c500000, 0x000000008c500000| Untracked 
|  54|0x000000008c600000, 0x000000008c600000, 0x000000008c700000|  0%| F|  |TAMS 0x000000008c600000, 0x000000008c600000| Untracked 
|  55|0x000000008c700000, 0x000000008c700000, 0x000000008c800000|  0%| F|  |TAMS 0x000000008c700000, 0x000000008c700000| Untracked 
|  56|0x000000008c800000, 0x000000008c800000, 0x000000008c900000|  0%| F|  |TAMS 0x000000008c800000, 0x000000008c800000| Untracked 
|  57|0x000000008c900000, 0x000000008c900000, 0x000000008ca00000|  0%| F|  |TAMS 0x000000008c900000, 0x000000008c900000| Untracked 
|  58|0x000000008ca00000, 0x000000008ca00000, 0x000000008cb00000|  0%| F|  |TAMS 0x000000008ca00000, 0x000000008ca00000| Untracked 
|  59|0x000000008cb00000, 0x000000008cb00000, 0x000000008cc00000|  0%| F|  |TAMS 0x000000008cb00000, 0x000000008cb00000| Untracked 
|  60|0x000000008cc00000, 0x000000008cc00000, 0x000000008cd00000|  0%| F|  |TAMS 0x000000008cc00000, 0x000000008cc00000| Untracked 
|  61|0x000000008cd00000, 0x000000008cd00000, 0x000000008ce00000|  0%| F|  |TAMS 0x000000008cd00000, 0x000000008cd00000| Untracked 
|  62|0x000000008ce00000, 0x000000008ce00000, 0x000000008cf00000|  0%| F|  |TAMS 0x000000008ce00000, 0x000000008ce00000| Untracked 
|  63|0x000000008cf00000, 0x000000008cf00000, 0x000000008d000000|  0%| F|  |TAMS 0x000000008cf00000, 0x000000008cf00000| Untracked 
|  64|0x000000008d000000, 0x000000008d000000, 0x000000008d100000|  0%| F|  |TAMS 0x000000008d000000, 0x000000008d000000| Untracked 
|  65|0x000000008d100000, 0x000000008d100000, 0x000000008d200000|  0%| F|  |TAMS 0x000000008d100000, 0x000000008d100000| Untracked 
|  66|0x000000008d200000, 0x000000008d200000, 0x000000008d300000|  0%| F|  |TAMS 0x000000008d200000, 0x000000008d200000| Untracked 
|  67|0x000000008d300000, 0x000000008d300000, 0x000000008d400000|  0%| F|  |TAMS 0x000000008d300000, 0x000000008d300000| Untracked 
|  68|0x000000008d400000, 0x000000008d400000, 0x000000008d500000|  0%| F|  |TAMS 0x000000008d400000, 0x000000008d400000| Untracked 
|  69|0x000000008d500000, 0x000000008d500000, 0x000000008d600000|  0%| F|  |TAMS 0x000000008d500000, 0x000000008d500000| Untracked 
|  70|0x000000008d600000, 0x000000008d600000, 0x000000008d700000|  0%| F|  |TAMS 0x000000008d600000, 0x000000008d600000| Untracked 
|  71|0x000000008d700000, 0x000000008d700000, 0x000000008d800000|  0%| F|  |TAMS 0x000000008d700000, 0x000000008d700000| Untracked 
|  72|0x000000008d800000, 0x000000008d800000, 0x000000008d900000|  0%| F|  |TAMS 0x000000008d800000, 0x000000008d800000| Untracked 
|  73|0x000000008d900000, 0x000000008d900000, 0x000000008da00000|  0%| F|  |TAMS 0x000000008d900000, 0x000000008d900000| Untracked 
|  74|0x000000008da00000, 0x000000008da00000, 0x000000008db00000|  0%| F|  |TAMS 0x000000008da00000, 0x000000008da00000| Untracked 
|  75|0x000000008db00000, 0x000000008db00000, 0x000000008dc00000|  0%| F|  |TAMS 0x000000008db00000, 0x000000008db00000| Untracked 
|  76|0x000000008dc00000, 0x000000008dc00000, 0x000000008dd00000|  0%| F|  |TAMS 0x000000008dc00000, 0x000000008dc00000| Untracked 
|  77|0x000000008dd00000, 0x000000008dd00000, 0x000000008de00000|  0%| F|  |TAMS 0x000000008dd00000, 0x000000008dd00000| Untracked 
|  78|0x000000008de00000, 0x000000008de00000, 0x000000008df00000|  0%| F|  |TAMS 0x000000008de00000, 0x000000008de00000| Untracked 
|  79|0x000000008df00000, 0x000000008df00000, 0x000000008e000000|  0%| F|  |TAMS 0x000000008df00000, 0x000000008df00000| Untracked 
|  80|0x000000008e000000, 0x000000008e000000, 0x000000008e100000|  0%| F|  |TAMS 0x000000008e000000, 0x000000008e000000| Untracked 
|  81|0x000000008e100000, 0x000000008e100000, 0x000000008e200000|  0%| F|  |TAMS 0x000000008e100000, 0x000000008e100000| Untracked 
|  82|0x000000008e200000, 0x000000008e200000, 0x000000008e300000|  0%| F|  |TAMS 0x000000008e200000, 0x000000008e200000| Untracked 
|  83|0x000000008e300000, 0x000000008e300000, 0x000000008e400000|  0%| F|  |TAMS 0x000000008e300000, 0x000000008e300000| Untracked 
|  84|0x000000008e400000, 0x000000008e400000, 0x000000008e500000|  0%| F|  |TAMS 0x000000008e400000, 0x000000008e400000| Untracked 
|  85|0x000000008e500000, 0x000000008e500000, 0x000000008e600000|  0%| F|  |TAMS 0x000000008e500000, 0x000000008e500000| Untracked 
|  86|0x000000008e600000, 0x000000008e600000, 0x000000008e700000|  0%| F|  |TAMS 0x000000008e600000, 0x000000008e600000| Untracked 
|  87|0x000000008e700000, 0x000000008e700000, 0x000000008e800000|  0%| F|  |TAMS 0x000000008e700000, 0x000000008e700000| Untracked 
|  88|0x000000008e800000, 0x000000008e800000, 0x000000008e900000|  0%| F|  |TAMS 0x000000008e800000, 0x000000008e800000| Untracked 
|  89|0x000000008e900000, 0x000000008e900000, 0x000000008ea00000|  0%| F|  |TAMS 0x000000008e900000, 0x000000008e900000| Untracked 
|  90|0x000000008ea00000, 0x000000008ea00000, 0x000000008eb00000|  0%| F|  |TAMS 0x000000008ea00000, 0x000000008ea00000| Untracked 
|  91|0x000000008eb00000, 0x000000008eb00000, 0x000000008ec00000|  0%| F|  |TAMS 0x000000008eb00000, 0x000000008eb00000| Untracked 
|  92|0x000000008ec00000, 0x000000008ec00000, 0x000000008ed00000|  0%| F|  |TAMS 0x000000008ec00000, 0x000000008ec00000| Untracked 
|  93|0x000000008ed00000, 0x000000008ed00000, 0x000000008ee00000|  0%| F|  |TAMS 0x000000008ed00000, 0x000000008ed00000| Untracked 
|  94|0x000000008ee00000, 0x000000008ee00000, 0x000000008ef00000|  0%| F|  |TAMS 0x000000008ee00000, 0x000000008ee00000| Untracked 
|  95|0x000000008ef00000, 0x000000008ef00000, 0x000000008f000000|  0%| F|  |TAMS 0x000000008ef00000, 0x000000008ef00000| Untracked 
|  96|0x000000008f000000, 0x000000008f000000, 0x000000008f100000|  0%| F|  |TAMS 0x000000008f000000, 0x000000008f000000| Untracked 
|  97|0x000000008f100000, 0x000000008f100000, 0x000000008f200000|  0%| F|  |TAMS 0x000000008f100000, 0x000000008f100000| Untracked 
|  98|0x000000008f200000, 0x000000008f200000, 0x000000008f300000|  0%| F|  |TAMS 0x000000008f200000, 0x000000008f200000| Untracked 
|  99|0x000000008f300000, 0x000000008f300000, 0x000000008f400000|  0%| F|  |TAMS 0x000000008f300000, 0x000000008f300000| Untracked 
| 100|0x000000008f400000, 0x000000008f400000, 0x000000008f500000|  0%| F|  |TAMS 0x000000008f400000, 0x000000008f400000| Untracked 
| 101|0x000000008f500000, 0x000000008f500000, 0x000000008f600000|  0%| F|  |TAMS 0x000000008f500000, 0x000000008f500000| Untracked 
| 102|0x000000008f600000, 0x000000008f600000, 0x000000008f700000|  0%| F|  |TAMS 0x000000008f600000, 0x000000008f600000| Untracked 
| 103|0x000000008f700000, 0x000000008f77e780, 0x000000008f800000| 49%| S|CS|TAMS 0x000000008f700000, 0x000000008f700000| Complete 
| 104|0x000000008f800000, 0x000000008f900000, 0x000000008f900000|100%| S|CS|TAMS 0x000000008f800000, 0x000000008f800000| Complete 
| 105|0x000000008f900000, 0x000000008f900000, 0x000000008fa00000|  0%| F|  |TAMS 0x000000008f900000, 0x000000008f900000| Untracked 
| 106|0x000000008fa00000, 0x000000008fa00000, 0x000000008fb00000|  0%| F|  |TAMS 0x000000008fa00000, 0x000000008fa00000| Untracked 
| 107|0x000000008fb00000, 0x000000008fb00000, 0x000000008fc00000|  0%| F|  |TAMS 0x000000008fb00000, 0x000000008fb00000| Untracked 
| 108|0x000000008fc00000, 0x000000008fc00000, 0x000000008fd00000|  0%| F|  |TAMS 0x000000008fc00000, 0x000000008fc00000| Untracked 
| 109|0x000000008fd00000, 0x000000008fd00000, 0x000000008fe00000|  0%| F|  |TAMS 0x000000008fd00000, 0x000000008fd00000| Untracked 
| 110|0x000000008fe00000, 0x000000008fe00000, 0x000000008ff00000|  0%| F|  |TAMS 0x000000008fe00000, 0x000000008fe00000| Untracked 
| 111|0x000000008ff00000, 0x000000008ff00000, 0x0000000090000000|  0%| F|  |TAMS 0x000000008ff00000, 0x000000008ff00000| Untracked 
| 112|0x0000000090000000, 0x0000000090000000, 0x0000000090100000|  0%| F|  |TAMS 0x0000000090000000, 0x0000000090000000| Untracked 
| 113|0x0000000090100000, 0x0000000090100000, 0x0000000090200000|  0%| F|  |TAMS 0x0000000090100000, 0x0000000090100000| Untracked 
| 114|0x0000000090200000, 0x0000000090200000, 0x0000000090300000|  0%| F|  |TAMS 0x0000000090200000, 0x0000000090200000| Untracked 
| 115|0x0000000090300000, 0x0000000090300000, 0x0000000090400000|  0%| F|  |TAMS 0x0000000090300000, 0x0000000090300000| Untracked 
| 116|0x0000000090400000, 0x0000000090400000, 0x0000000090500000|  0%| F|  |TAMS 0x0000000090400000, 0x0000000090400000| Untracked 
| 117|0x0000000090500000, 0x0000000090500000, 0x0000000090600000|  0%| F|  |TAMS 0x0000000090500000, 0x0000000090500000| Untracked 
| 118|0x0000000090600000, 0x0000000090600000, 0x0000000090700000|  0%| F|  |TAMS 0x0000000090600000, 0x0000000090600000| Untracked 
| 119|0x0000000090700000, 0x0000000090700000, 0x0000000090800000|  0%| F|  |TAMS 0x0000000090700000, 0x0000000090700000| Untracked 

Card table byte_map: [0x000001f4cf900000,0x000001f4cfcc0000] _byte_map_base: 0x000001f4cf4b8000

Marking Bits (Prev, Next): (CMBitMap*) 0x000001f4b636e938, (CMBitMap*) 0x000001f4b636e970
 Prev Bits: [0x000001f4d0080000, 0x000001f4d1e40000)
 Next Bits: [0x000001f4d1e40000, 0x000001f4d3c00000)

Polling page: 0x000001f4bfef0000

Metaspace:

Usage:
  Non-class:     15.22 MB capacity,    15.06 MB ( 99%) used,   136.52 KB ( <1%) free+waste,    26.63 KB ( <1%) overhead. 
      Class:      1.93 MB capacity,     1.83 MB ( 95%) used,    94.38 KB (  5%) free+waste,    11.75 KB ( <1%) overhead. 
       Both:     17.15 MB capacity,    16.89 MB ( 98%) used,   230.91 KB (  1%) free+waste,    38.38 KB ( <1%) overhead. 

Virtual space:
  Non-class space:       30.00 MB reserved,      15.25 MB ( 51%) committed 
      Class space:        1.00 GB reserved,       2.00 MB ( <1%) committed 
             Both:        1.03 GB reserved,      17.25 MB (  2%) committed 

Chunk freelists:
   Non-Class:  3.50 KB
       Class:  768 bytes
        Both:  4.25 KB

CodeHeap 'non-profiled nmethods': size=120064Kb used=429Kb max_used=429Kb free=119634Kb
 bounds [0x000001f4c79d0000, 0x000001f4c7c40000, 0x000001f4cef10000]
CodeHeap 'profiled nmethods': size=120000Kb used=2218Kb max_used=2218Kb free=117781Kb
 bounds [0x000001f4c04a0000, 0x000001f4c0710000, 0x000001f4c79d0000]
CodeHeap 'non-nmethods': size=5696Kb used=1125Kb max_used=1141Kb free=4571Kb
 bounds [0x000001f4bff10000, 0x000001f4c0180000, 0x000001f4c04a0000]
 total_blobs=1640 nmethods=1192 adapters=361
 compilation: enabled
              stopped_count=0, restarted_count=0
 full_count=0

Compilation events (10 events):
Event: 2.188 Thread 0x000001f4d623e800 1187       3       jdk.internal.reflect.ReflectionFactory::getExecutableSharedParameterTypes (10 bytes)
Event: 2.188 Thread 0x000001f4d623e800 nmethod 1187 0x000001f4c06c9b10 code [0x000001f4c06c9ce0, 0x000001f4c06ca0d0]
Event: 2.188 Thread 0x000001f4d623e800 1188       3       java.lang.reflect.ReflectAccess::getExecutableSharedParameterTypes (5 bytes)
Event: 2.189 Thread 0x000001f4d623e800 nmethod 1188 0x000001f4c06ca290 code [0x000001f4c06ca440, 0x000001f4c06ca670]
Event: 2.189 Thread 0x000001f4d623e800 1190       3       java.util.Objects::hash (5 bytes)
Event: 2.190 Thread 0x000001f4d623e800 nmethod 1190 0x000001f4c06ca710 code [0x000001f4c06ca8c0, 0x000001f4c06caa30]
Event: 2.193 Thread 0x000001f4d6238000 1191       4       java.lang.String::lastIndexOf (29 bytes)
Event: 2.196 Thread 0x000001f4d6238000 nmethod 1191 0x000001f4c7a3ac90 code [0x000001f4c7a3ae20, 0x000001f4c7a3b038]
Event: 2.196 Thread 0x000001f4d6238000 1192       4       java.lang.CharacterDataLatin1::toUpperCaseEx (71 bytes)
Event: 2.197 Thread 0x000001f4d6238000 nmethod 1192 0x000001f4c7a3b190 code [0x000001f4c7a3b320, 0x000001f4c7a3b3f8]

GC Heap History (8 events):
Event: 1.305 GC heap before
{Heap before GC invocations=0 (full 0):
 garbage-first heap   total 122880K, used 16384K [0x0000000089000000, 0x0000000100000000)
  region size 1024K, 14 young (14336K), 0 survivors (0K)
 Metaspace       used 11651K, capacity 11848K, committed 11904K, reserved 1060864K
  class space    used 1071K, capacity 1140K, committed 1152K, reserved 1048576K
}
Event: 1.320 GC heap after
{Heap after GC invocations=1 (full 0):
 garbage-first heap   total 122880K, used 7259K [0x0000000089000000, 0x0000000100000000)
  region size 1024K, 2 young (2048K), 2 survivors (2048K)
 Metaspace       used 11651K, capacity 11848K, committed 11904K, reserved 1060864K
  class space    used 1071K, capacity 1140K, committed 1152K, reserved 1048576K
}
Event: 1.454 GC heap before
{Heap before GC invocations=1 (full 0):
 garbage-first heap   total 122880K, used 15451K [0x0000000089000000, 0x0000000100000000)
  region size 1024K, 11 young (11264K), 2 survivors (2048K)
 Metaspace       used 12180K, capacity 12441K, committed 12544K, reserved 1060864K
  class space    used 1144K, capacity 1210K, committed 1280K, reserved 1048576K
}
Event: 1.460 GC heap after
{Heap after GC invocations=2 (full 0):
 garbage-first heap   total 122880K, used 7696K [0x0000000089000000, 0x0000000100000000)
  region size 1024K, 1 young (1024K), 1 survivors (1024K)
 Metaspace       used 12180K, capacity 12441K, committed 12544K, reserved 1060864K
  class space    used 1144K, capacity 1210K, committed 1280K, reserved 1048576K
}
Event: 1.502 GC heap before
{Heap before GC invocations=2 (full 0):
 garbage-first heap   total 122880K, used 35344K [0x0000000089000000, 0x0000000100000000)
  region size 1024K, 29 young (29696K), 1 survivors (1024K)
 Metaspace       used 12423K, capacity 12665K, committed 12800K, reserved 1060864K
  class space    used 1154K, capacity 1242K, committed 1280K, reserved 1048576K
}
Event: 1.503 GC heap after
{Heap after GC invocations=3 (full 0):
 garbage-first heap   total 122880K, used 7703K [0x0000000089000000, 0x0000000100000000)
  region size 1024K, 1 young (1024K), 1 survivors (1024K)
 Metaspace       used 12423K, capacity 12665K, committed 12800K, reserved 1060864K
  class space    used 1154K, capacity 1242K, committed 1280K, reserved 1048576K
}
Event: 2.197 GC heap before
{Heap before GC invocations=3 (full 0):
 garbage-first heap   total 122880K, used 22039K [0x0000000089000000, 0x0000000100000000)
  region size 1024K, 16 young (16384K), 1 survivors (1024K)
 Metaspace       used 17296K, capacity 17566K, committed 17664K, reserved 1077248K
  class space    used 1871K, capacity 1978K, committed 2048K, reserved 1048576K
}
Event: 2.201 GC heap after
{Heap after GC invocations=4 (full 0):
 garbage-first heap   total 122880K, used 8697K [0x0000000089000000, 0x0000000100000000)
  region size 1024K, 2 young (2048K), 2 survivors (2048K)
 Metaspace       used 17296K, capacity 17566K, committed 17664K, reserved 1077248K
  class space    used 1871K, capacity 1978K, committed 2048K, reserved 1048576K
}

Deoptimization events (10 events):
Event: 1.832 Thread 0x000001f4b632b000 Uncommon trap: reason=class_check action=maybe_recompile pc=0x000001f4c7a05124 method=java.util.HashMap.putVal(ILjava/lang/Object;Ljava/lang/Object;ZZ)Ljava/lang/Object; @ 91 c2
Event: 1.832 Thread 0x000001f4b632b000 Uncommon trap: reason=class_check action=maybe_recompile pc=0x000001f4c7a05124 method=java.util.HashMap.putVal(ILjava/lang/Object;Ljava/lang/Object;ZZ)Ljava/lang/Object; @ 91 c2
Event: 1.832 Thread 0x000001f4b632b000 Uncommon trap: reason=class_check action=maybe_recompile pc=0x000001f4c7a05124 method=java.util.HashMap.putVal(ILjava/lang/Object;Ljava/lang/Object;ZZ)Ljava/lang/Object; @ 91 c2
Event: 1.833 Thread 0x000001f4b632b000 Uncommon trap: reason=class_check action=maybe_recompile pc=0x000001f4c7a05124 method=java.util.HashMap.putVal(ILjava/lang/Object;Ljava/lang/Object;ZZ)Ljava/lang/Object; @ 91 c2
Event: 1.872 Thread 0x000001f4b632b000 Uncommon trap: reason=unstable_if action=reinterpret pc=0x000001f4c7a27a68 method=java.util.HashMap.getNode(ILjava/lang/Object;)Ljava/util/HashMap$Node; @ 129 c2
Event: 1.872 Thread 0x000001f4b632b000 Uncommon trap: reason=class_check action=maybe_recompile pc=0x000001f4c7a2a1ec method=java.util.HashMap.putVal(ILjava/lang/Object;Ljava/lang/Object;ZZ)Ljava/lang/Object; @ 203 c2
Event: 2.109 Thread 0x000001f4b632b000 Uncommon trap: reason=unstable_if action=reinterpret pc=0x000001f4c7a2ac28 method=java.util.HashMap.getNode(ILjava/lang/Object;)Ljava/util/HashMap$Node; @ 129 c2
Event: 2.109 Thread 0x000001f4b632b000 Uncommon trap: reason=class_check action=maybe_recompile pc=0x000001f4c7a2a1ec method=java.util.HashMap.putVal(ILjava/lang/Object;Ljava/lang/Object;ZZ)Ljava/lang/Object; @ 203 c2
Event: 2.145 Thread 0x000001f4b632b000 Uncommon trap: reason=unstable_if action=reinterpret pc=0x000001f4c7a24c90 method=java.util.concurrent.ConcurrentHashMap.putVal(Ljava/lang/Object;Ljava/lang/Object;Z)Ljava/lang/Object; @ 231 c2
Event: 2.171 Thread 0x000001f4b632b000 Uncommon trap: reason=unstable_if action=reinterpret pc=0x000001f4c7a1f97c method=java.util.concurrent.ConcurrentHashMap.get(Ljava/lang/Object;)Ljava/lang/Object; @ 76 c2

Classes redefined (0 events):
No events

Internal exceptions (10 events):
Event: 0.495 Thread 0x000001f4b632b000 Exception <a 'java/security/PrivilegedActionException'{0x0000000090390f40}> (0x0000000090390f40) thrown at [./open/src/hotspot/share/prims/jvm.cpp, line 1296]
Event: 0.495 Thread 0x000001f4b632b000 Exception <a 'java/security/PrivilegedActionException'{0x0000000090391b88}> (0x0000000090391b88) thrown at [./open/src/hotspot/share/prims/jvm.cpp, line 1296]
Event: 0.495 Thread 0x000001f4b632b000 Exception <a 'java/security/PrivilegedActionException'{0x0000000090391e58}> (0x0000000090391e58) thrown at [./open/src/hotspot/share/prims/jvm.cpp, line 1296]
Event: 0.496 Thread 0x000001f4b632b000 Exception <a 'java/security/PrivilegedActionException'{0x0000000090392af8}> (0x0000000090392af8) thrown at [./open/src/hotspot/share/prims/jvm.cpp, line 1296]
Event: 0.496 Thread 0x000001f4b632b000 Exception <a 'java/security/PrivilegedActionException'{0x0000000090392dc8}> (0x0000000090392dc8) thrown at [./open/src/hotspot/share/prims/jvm.cpp, line 1296]
Event: 0.496 Thread 0x000001f4b632b000 Exception <a 'java/security/PrivilegedActionException'{0x0000000090393ac0}> (0x0000000090393ac0) thrown at [./open/src/hotspot/share/prims/jvm.cpp, line 1296]
Event: 0.496 Thread 0x000001f4b632b000 Exception <a 'java/security/PrivilegedActionException'{0x0000000090393d90}> (0x0000000090393d90) thrown at [./open/src/hotspot/share/prims/jvm.cpp, line 1296]
Event: 0.697 Thread 0x000001f4b632b000 Exception <a 'java/lang/NoSuchMethodError'{0x00000000901465f8}: java.lang.invoke.DirectMethodHandle$Holder.invokeSpecialIFC(Ljava/lang/Object;Ljava/lang/Object;I)I> (0x00000000901465f8) thrown at [./open/src/hotspot/share/interpreter/linkResolver.cpp, lin
Event: 0.912 Thread 0x000001f4b632b000 Exception <a 'java/lang/NoSuchMethodError'{0x00000000900829b8}: java.lang.invoke.DirectMethodHandle$Holder.invokeVirtual(Ljava/lang/Object;Ljava/lang/Object;Ljava/lang/Object;)Ljava/lang/Object;> (0x00000000900829b8) thrown at [./open/src/hotspot/share/in
Event: 1.442 Thread 0x000001f4b632b000 Exception <a 'java/lang/NoSuchMethodError'{0x0000000090660ea0}: java.lang.invoke.DirectMethodHandle$Holder.invokeStaticInit(Ljava/lang/Object;Ljava/lang/Object;)V> (0x0000000090660ea0) thrown at [./open/src/hotspot/share/interpreter/linkResolver.cpp, line

Events (10 events):
Event: 2.193 loading class org/hibernate/annotations/common/reflection/MetadataProvider done
Event: 2.194 loading class org/hibernate/annotations/common/reflection/ClassLoaderDelegate
Event: 2.194 loading class org/hibernate/annotations/common/reflection/ClassLoaderDelegate done
Event: 2.194 loading class org/hibernate/boot/internal/ClassmateContext
Event: 2.194 loading class org/hibernate/boot/internal/ClassmateContext done
Event: 2.195 loading class com/fasterxml/classmate/TypeResolver
Event: 2.195 loading class com/fasterxml/classmate/TypeResolver done
Event: 2.197 loading class com/fasterxml/classmate/ResolvedType
Event: 2.197 loading class com/fasterxml/classmate/ResolvedType done
Event: 2.197 Executing VM operation: CollectForMetadataAllocation


Dynamic libraries:
0x00007ff6d18c0000 - 0x00007ff6d18cf000 	C:\Program Files\Java\jdk-11.0.8\bin\java.exe
0x00007ffc3df90000 - 0x00007ffc3e184000 	C:\Windows\SYSTEM32\ntdll.dll
0x00007ffc3db10000 - 0x00007ffc3dbcd000 	C:\Windows\System32\KERNEL32.DLL
0x00007ffc3ba00000 - 0x00007ffc3bcc7000 	C:\Windows\System32\KERNELBASE.dll
0x00007ffc3b8a0000 - 0x00007ffc3b9a0000 	C:\Windows\System32\ucrtbase.dll
0x00007ffc36fb0000 - 0x00007ffc36fc8000 	C:\Program Files\Java\jdk-11.0.8\bin\jli.dll
0x00007ffc36f90000 - 0x00007ffc36fa5000 	C:\Program Files\Java\jdk-11.0.8\bin\VCRUNTIME140.dll
0x00007ffc3c000000 - 0x00007ffc3c0aa000 	C:\Windows\System32\ADVAPI32.dll
0x00007ffc3c780000 - 0x00007ffc3c81e000 	C:\Windows\System32\msvcrt.dll
0x00007ffc3ddd0000 - 0x00007ffc3de6b000 	C:\Windows\System32\sechost.dll
0x00007ffc3d4d0000 - 0x00007ffc3d5f3000 	C:\Windows\System32\RPCRT4.dll
0x00007ffc3c570000 - 0x00007ffc3c710000 	C:\Windows\System32\USER32.dll
0x00007ffc3bf50000 - 0x00007ffc3bf72000 	C:\Windows\System32\win32u.dll
0x00007ffc319d0000 - 0x00007ffc31c6a000 	C:\Windows\WinSxS\amd64_microsoft.windows.common-controls_6595b64144ccf1df_6.0.19041.1_none_b555e41d4684ddec\COMCTL32.dll
0x00007ffc3dc10000 - 0x00007ffc3dc3a000 	C:\Windows\System32\GDI32.dll
0x00007ffc3b790000 - 0x00007ffc3b89a000 	C:\Windows\System32\gdi32full.dll
0x00007ffc3bd50000 - 0x00007ffc3bded000 	C:\Windows\System32\msvcp_win.dll
0x00007ffc344c0000 - 0x00007ffc344ca000 	C:\Windows\SYSTEM32\VERSION.dll
0x00007ffc3d4a0000 - 0x00007ffc3d4d0000 	C:\Windows\System32\IMM32.DLL
0x00007ffc36ef0000 - 0x00007ffc36f8b000 	C:\Program Files\Java\jdk-11.0.8\bin\msvcp140.dll
0x00007ffbe6920000 - 0x00007ffbe7406000 	C:\Program Files\Java\jdk-11.0.8\bin\server\jvm.dll
0x00007ffc3dbe0000 - 0x00007ffc3dbe8000 	C:\Windows\System32\PSAPI.DLL
0x00007ffc33c00000 - 0x00007ffc33c27000 	C:\Windows\SYSTEM32\WINMM.dll
0x00007ffc32980000 - 0x00007ffc32989000 	C:\Windows\SYSTEM32\WSOCK32.dll
0x00007ffc3c710000 - 0x00007ffc3c77b000 	C:\Windows\System32\WS2_32.dll
0x00007ffc39340000 - 0x00007ffc39353000 	C:\Windows\SYSTEM32\kernel.appcore.dll
0x00007ffc36ee0000 - 0x00007ffc36ef0000 	C:\Program Files\Java\jdk-11.0.8\bin\verify.dll
0x00007ffc33c30000 - 0x00007ffc33e14000 	C:\Windows\SYSTEM32\DBGHELP.DLL
0x00007ffc33bd0000 - 0x00007ffc33bfc000 	C:\Windows\SYSTEM32\dbgcore.DLL
0x00007ffc3bcd0000 - 0x00007ffc3bd4f000 	C:\Windows\System32\bcryptPrimitives.dll
0x00007ffc36eb0000 - 0x00007ffc36ed8000 	C:\Program Files\Java\jdk-11.0.8\bin\java.dll
0x00007ffc36ea0000 - 0x00007ffc36eaa000 	C:\Program Files\Java\jdk-11.0.8\bin\jimage.dll
0x00007ffc34e40000 - 0x00007ffc34e4e000 	C:\Program Files\Java\jdk-11.0.8\bin\instrument.dll
0x00007ffc36e80000 - 0x00007ffc36e96000 	C:\Program Files\Java\jdk-11.0.8\bin\zip.dll
0x00007ffc3cc90000 - 0x00007ffc3d3c4000 	C:\Windows\System32\SHELL32.dll
0x00007ffc3a450000 - 0x00007ffc3abde000 	C:\Windows\SYSTEM32\windows.storage.dll
0x00007ffc3d600000 - 0x00007ffc3d953000 	C:\Windows\System32\combase.dll
0x00007ffc3b160000 - 0x00007ffc3b18b000 	C:\Windows\SYSTEM32\Wldp.dll
0x00007ffc3c4c0000 - 0x00007ffc3c56e000 	C:\Windows\System32\SHCORE.dll
0x00007ffc3c220000 - 0x00007ffc3c275000 	C:\Windows\System32\shlwapi.dll
0x00007ffc3b620000 - 0x00007ffc3b63f000 	C:\Windows\SYSTEM32\profapi.dll
0x00007ffc36940000 - 0x00007ffc36959000 	C:\Program Files\Java\jdk-11.0.8\bin\net.dll
0x00007ffc35b70000 - 0x00007ffc35c70000 	C:\Windows\SYSTEM32\WINHTTP.dll
0x00007ffc3a330000 - 0x00007ffc3a39a000 	C:\Windows\system32\mswsock.dll
0x00007ffc18010000 - 0x00007ffc18022000 	C:\Program Files\Java\jdk-11.0.8\bin\nio.dll
0x00007ffc26690000 - 0x00007ffc266aa000 	C:\Program Files\JetBrains\IntelliJ IDEA 2020.2.3\bin\breakgen64.dll
0x00007ffc3a060000 - 0x00007ffc3a12a000 	C:\Windows\SYSTEM32\DNSAPI.dll
0x00007ffc3a020000 - 0x00007ffc3a05b000 	C:\Windows\SYSTEM32\IPHLPAPI.DLL
0x00007ffc3dbd0000 - 0x00007ffc3dbd9000 	C:\Windows\System32\NSI.dll
0x00007ffc19360000 - 0x00007ffc1936a000 	C:\Windows\System32\rasadhlp.dll
0x00007ffc19470000 - 0x00007ffc194ef000 	C:\Windows\System32\fwpuclnt.dll
0x00007ffc3bfd0000 - 0x00007ffc3bff7000 	C:\Windows\System32\bcrypt.dll

dbghelp: loaded successfully - version: 4.0.5 - missing functions: none
symbol engine: initialized successfully - sym options: 0x614 - pdb path: .;C:\Program Files\Java\jdk-11.0.8\bin;C:\Windows\SYSTEM32;C:\Windows\WinSxS\amd64_microsoft.windows.common-controls_6595b64144ccf1df_6.0.19041.1_none_b555e41d4684ddec;C:\Program Files\Java\jdk-11.0.8\bin\server;C:\Program Files\JetBrains\IntelliJ IDEA 2020.2.3\bin

VM Arguments:
jvm_args: -javaagent:C:\Program Files\JetBrains\IntelliJ IDEA 2020.2.3\lib\idea_rt.jar=57611:C:\Program Files\JetBrains\IntelliJ IDEA 2020.2.3\bin -Dfile.encoding=UTF-8 
java_command: jm.task.core.jdbc.Main
java_class_path (initial): D:\dev\java\java_projects\CoreTaskTemplate2\target\classes;D:\dev\java\java_projects\CoreTaskTemplate2\lib\mysql-connector-java-8.0.21.jar;D:\dev\java\java_projects\CoreTaskTemplate2\lib\protobuf-java-3.11.4.jar;D:\dev\java\java_projects\CoreTaskTemplate2\lib\hibernate-core-5.4.10.Final.jar;D:\dev\java\java_projects\CoreTaskTemplate2\lib\jboss-logging-3.3.2.Final.jar;D:\dev\java\java_projects\CoreTaskTemplate2\lib\javax.persistence-api-2.2.jar;D:\dev\java\java_projects\CoreTaskTemplate2\lib\javassist-3.24.0-GA.jar;D:\dev\java\java_projects\CoreTaskTemplate2\lib\byte-buddy-1.10.2.jar;D:\dev\java\java_projects\CoreTaskTemplate2\lib\antlr-2.7.7.jar;D:\dev\java\java_projects\CoreTaskTemplate2\lib\jboss-transaction-api_1.2_spec-1.1.1.Final.jar;D:\dev\java\java_projects\CoreTaskTemplate2\lib\jandex-2.1.1.Final.jar;D:\dev\java\java_projects\CoreTaskTemplate2\lib\classmate-1.5.1.jar;D:\dev\java\java_projects\CoreTaskTemplate2\lib\javax.activation-api-1.2.0.jar;D:\dev\java\java_projects\CoreTaskTemplate2\lib\dom4j-2.1.1.jar;D:\dev\java\java_projects\CoreTaskTemplate2\lib\hibernate-commons-annotations-5.1.0.Final.jar;D:\dev\java\java_projects\CoreTaskTemplate2\lib\jaxb-api-2.3.1.jar;D:\dev\java\java_projects\CoreTaskTemplate2\lib\jaxb-runtime-2.3.1.jar;D:\dev\java\java_projects\CoreTaskTemplate2\lib\txw2-2.3.1.jar;D:\dev\java\java_projects\CoreTaskTemplate2\lib\istack-commons-runtime-3.0.7.jar;D:\dev\java\java_projects\CoreTaskTemplate2\lib\stax-ex-1.8.jar;D:\dev\java\java_projects\CoreTaskTemplate2\lib\FastInfoset-1.2.15.jar;C:\Users\Atiacht\.m2\repository\mysql\mysql-connector-java\8.0.21\mysql-connector-java-8.0.21.jar;C:\Users\Atiacht\.m2\repository\com\google\protobuf\protobuf-java\3.11.4\protobuf-java-3.11.4.jar;C:\Users\Atiacht\.m2\repository\org\hibernate\javax\persistence\hibernate-jpa-2.1-api\1.0.2.Final\hibernate-jpa-2.1-api-1.0.2.Final.jar;C:\Users\Atiacht\.m2\repository\org\hibernate\hibernate-core\5.4.10.Final\hibernate-core-5.4.10.F
Launcher Type: SUN_STANDARD

[Global flags]
     intx CICompilerCount                          = 3                                         {product} {ergonomic}
     uint ConcGCThreads                            = 1                                         {product} {ergonomic}
     uint G1ConcRefinementThreads                  = 4                                         {product} {ergonomic}
   size_t G1HeapRegionSize                         = 1048576                                   {product} {ergonomic}
    uintx GCDrainStackTargetSize                   = 64                                        {product} {ergonomic}
   size_t InitialHeapSize                          = 125829120                                 {product} {ergonomic}
   size_t MarkStackSize                            = 4194304                                   {product} {ergonomic}
   size_t MaxHeapSize                              = 1996488704                                {product} {ergonomic}
   size_t MaxNewSize                               = 1197473792                                {product} {ergonomic}
   size_t MinHeapDeltaBytes                        = 1048576                                   {product} {ergonomic}
    uintx NonNMethodCodeHeapSize                   = 5830732                                {pd product} {ergonomic}
    uintx NonProfiledCodeHeapSize                  = 122913754                              {pd product} {ergonomic}
    uintx ProfiledCodeHeapSize                     = 122913754                              {pd product} {ergonomic}
    uintx ReservedCodeCacheSize                    = 251658240                              {pd product} {ergonomic}
     bool SegmentedCodeCache                       = true                                      {product} {ergonomic}
     bool UseCompressedClassPointers               = true                                 {lp64_product} {ergonomic}
     bool UseCompressedOops                        = true                                 {lp64_product} {ergonomic}
     bool UseG1GC                                  = true                                      {product} {ergonomic}
     bool UseLargePagesIndividualAllocation        = false                                  {pd product} {ergonomic}

Logging:
Log output configuration:
 #0: stdout all=warning uptime,level,tags
 #1: stderr all=off uptime,level,tags

Environment Variables:
PATH=C:\Program Files\Common Files\Oracle\Java\javapath;C:\Windows\system32;C:\Windows;C:\Windows\System32\Wbem;C:\Windows\System32\WindowsPowerShell\v1.0\;C:\Windows\System32\OpenSSH\;C:\Program Files (x86)\NVIDIA Corporation\PhysX\Common;C:\Program Files\NVIDIA Corporation\NVIDIA NvDLISR;C:\Program Files\Java\jdk-11.0.8\bin;C:\Program Files\Git\cmd;C:\Program Files\apache-maven-3.6.3\bin;C:\Program Files\MySQL\MySQL Shell 8.0\bin\;C:\Users\Atiacht\AppData\Local\Programs\Python\Python39\Scripts\;C:\Users\Atiacht\AppData\Local\Programs\Python\Python39\;C:\Users\Atiacht\AppData\Local\Microsoft\WindowsApps;C:\Program Files\JetBrains\IntelliJ IDEA 2020.2.3\bin;;C:\Program Files\Java\jdk-11.0.8\bin;C:\Program Files\apache-maven-3.6.3\bin;
USERNAME=Atiacht
OS=Windows_NT
PROCESSOR_IDENTIFIER=AMD64 Family 21 Model 101 Stepping 1, AuthenticAMD



---------------  S Y S T E M  ---------------

OS: Windows 10 , 64 bit Build 19041 (10.0.19041.292)

CPU:total 4 (initial active 4) (4 cores per cpu, 1 threads per core) family 21 model 101 stepping 1, cmov, cx8, fxsr, mmx, sse, sse2, sse3, ssse3, sse4.1, sse4.2, popcnt, avx, avx2, aes, clmul, mmxext, 3dnowpref, lzcnt, sse4a, tsc, tscinvbit, tscinv, bmi1, bmi2, fma

Memory: 4k page, system-wide physical 7612M (965M free)
TotalPageFile size 10684M (AvailPageFile size 4M)
current process WorkingSet (physical memory assigned to process): 95M, peak: 95M
current process commit charge ("private bytes"): 212M, peak: 213M

vm_info: Java HotSpot(TM) 64-Bit Server VM (11.0.8+10-LTS) for windows-amd64 JRE (11.0.8+10-LTS), built on Jun 16 2020 05:53:08 by "mach5one" with unknown MS VC++:1916

END.
